{"C:\\Users\\vince\\guess-the-worth\\frontend\\src\\config\\env.js": {"path":"C:\\Users\\vince\\guess-the-worth\\frontend\\src\\config\\env.js","all":false,"statementMap":{"0":{"start":{"line":1,"column":0},"end":{"line":1,"column":23}},"1":{"start":{"line":2,"column":0},"end":{"line":2,"column":8}},"2":{"start":{"line":3,"column":0},"end":{"line":3,"column":77}},"4":{"start":{"line":5,"column":0},"end":{"line":5,"column":10}},"5":{"start":{"line":6,"column":0},"end":{"line":6,"column":84}},"6":{"start":{"line":7,"column":0},"end":{"line":7,"column":94}},"7":{"start":{"line":8,"column":0},"end":{"line":8,"column":89}},"9":{"start":{"line":10,"column":0},"end":{"line":10,"column":14}},"10":{"start":{"line":11,"column":0},"end":{"line":11,"column":73}},"12":{"start":{"line":13,"column":0},"end":{"line":13,"column":11}},"13":{"start":{"line":14,"column":0},"end":{"line":14,"column":76}},"15":{"start":{"line":16,"column":0},"end":{"line":16,"column":11}},"16":{"start":{"line":17,"column":0},"end":{"line":17,"column":52}},"18":{"start":{"line":19,"column":0},"end":{"line":19,"column":8}},"19":{"start":{"line":20,"column":0},"end":{"line":20,"column":30}},"20":{"start":{"line":21,"column":0},"end":{"line":21,"column":42}},"21":{"start":{"line":22,"column":0},"end":{"line":22,"column":2}}},"s":{"0":1,"1":1,"2":1,"4":1,"5":1,"6":1,"7":1,"9":1,"10":1,"12":1,"13":1,"15":1,"16":1,"18":1,"19":1,"20":1,"21":1},"branchMap":{},"b":{},"fnMap":{},"f":{}}
,"C:\\Users\\vince\\guess-the-worth\\frontend\\src\\services\\api.js": {"path":"C:\\Users\\vince\\guess-the-worth\\frontend\\src\\services\\api.js","all":false,"statementMap":{"0":{"start":{"line":1,"column":0},"end":{"line":1,"column":44}},"2":{"start":{"line":3,"column":0},"end":{"line":3,"column":34}},"3":{"start":{"line":4,"column":0},"end":{"line":4,"column":31}},"4":{"start":{"line":5,"column":0},"end":{"line":5,"column":47}},"6":{"start":{"line":7,"column":0},"end":{"line":7,"column":53}},"7":{"start":{"line":8,"column":0},"end":{"line":8,"column":55}},"9":{"start":{"line":10,"column":0},"end":{"line":10,"column":28}},"10":{"start":{"line":11,"column":0},"end":{"line":11,"column":41}},"11":{"start":{"line":12,"column":0},"end":{"line":12,"column":57}},"12":{"start":{"line":13,"column":0},"end":{"line":13,"column":6}},"14":{"start":{"line":15,"column":0},"end":{"line":15,"column":40}},"15":{"start":{"line":16,"column":0},"end":{"line":16,"column":26}},"16":{"start":{"line":17,"column":0},"end":{"line":17,"column":17}},"17":{"start":{"line":18,"column":0},"end":{"line":18,"column":16}},"18":{"start":{"line":19,"column":0},"end":{"line":19,"column":26}},"19":{"start":{"line":20,"column":0},"end":{"line":20,"column":27}},"20":{"start":{"line":21,"column":0},"end":{"line":21,"column":8}},"21":{"start":{"line":22,"column":0},"end":{"line":22,"column":6}},"23":{"start":{"line":24,"column":0},"end":{"line":24,"column":9}},"24":{"start":{"line":25,"column":0},"end":{"line":25,"column":54}},"26":{"start":{"line":27,"column":0},"end":{"line":27,"column":36}},"27":{"start":{"line":28,"column":0},"end":{"line":28,"column":48}},"28":{"start":{"line":29,"column":0},"end":{"line":29,"column":40}},"29":{"start":{"line":30,"column":0},"end":{"line":30,"column":40}},"30":{"start":{"line":31,"column":0},"end":{"line":31,"column":7}},"32":{"start":{"line":33,"column":0},"end":{"line":33,"column":25}},"33":{"start":{"line":34,"column":0},"end":{"line":34,"column":66}},"34":{"start":{"line":35,"column":0},"end":{"line":35,"column":7}},"36":{"start":{"line":37,"column":0},"end":{"line":37,"column":41}},"37":{"start":{"line":38,"column":0},"end":{"line":38,"column":22}},"38":{"start":{"line":39,"column":0},"end":{"line":39,"column":21}},"39":{"start":{"line":40,"column":0},"end":{"line":40,"column":67}},"40":{"start":{"line":41,"column":0},"end":{"line":41,"column":78}},"41":{"start":{"line":42,"column":0},"end":{"line":42,"column":96}},"42":{"start":{"line":43,"column":0},"end":{"line":43,"column":7}},"43":{"start":{"line":44,"column":0},"end":{"line":44,"column":30}},"44":{"start":{"line":45,"column":0},"end":{"line":45,"column":18}},"45":{"start":{"line":46,"column":0},"end":{"line":46,"column":5}},"46":{"start":{"line":47,"column":0},"end":{"line":47,"column":4}},"48":{"start":{"line":49,"column":0},"end":{"line":49,"column":10}},"49":{"start":{"line":50,"column":0},"end":{"line":50,"column":38}},"50":{"start":{"line":51,"column":0},"end":{"line":51,"column":49}},"51":{"start":{"line":52,"column":0},"end":{"line":52,"column":83}},"52":{"start":{"line":53,"column":0},"end":{"line":53,"column":61}},"53":{"start":{"line":54,"column":0},"end":{"line":54,"column":6}},"54":{"start":{"line":55,"column":0},"end":{"line":55,"column":45}},"55":{"start":{"line":56,"column":0},"end":{"line":56,"column":50}},"56":{"start":{"line":57,"column":0},"end":{"line":57,"column":32}},"57":{"start":{"line":58,"column":0},"end":{"line":58,"column":23}},"58":{"start":{"line":59,"column":0},"end":{"line":59,"column":55}},"59":{"start":{"line":60,"column":0},"end":{"line":60,"column":19}},"60":{"start":{"line":61,"column":0},"end":{"line":61,"column":27}},"61":{"start":{"line":62,"column":0},"end":{"line":62,"column":27}},"62":{"start":{"line":63,"column":0},"end":{"line":63,"column":71}},"63":{"start":{"line":64,"column":0},"end":{"line":64,"column":9}},"64":{"start":{"line":65,"column":0},"end":{"line":65,"column":6}},"65":{"start":{"line":66,"column":0},"end":{"line":66,"column":42}},"66":{"start":{"line":67,"column":0},"end":{"line":67,"column":25}},"67":{"start":{"line":68,"column":0},"end":{"line":68,"column":22}},"68":{"start":{"line":69,"column":0},"end":{"line":69,"column":35}},"69":{"start":{"line":70,"column":0},"end":{"line":70,"column":19}},"70":{"start":{"line":71,"column":0},"end":{"line":71,"column":9}},"71":{"start":{"line":72,"column":0},"end":{"line":72,"column":39}},"72":{"start":{"line":73,"column":0},"end":{"line":73,"column":25}},"73":{"start":{"line":74,"column":0},"end":{"line":74,"column":25}},"74":{"start":{"line":75,"column":0},"end":{"line":75,"column":19}},"75":{"start":{"line":76,"column":0},"end":{"line":76,"column":9}},"76":{"start":{"line":77,"column":0},"end":{"line":77,"column":4}},"77":{"start":{"line":78,"column":0},"end":{"line":78,"column":2}},"79":{"start":{"line":80,"column":0},"end":{"line":80,"column":30}},"81":{"start":{"line":82,"column":0},"end":{"line":82,"column":24}},"82":{"start":{"line":83,"column":0},"end":{"line":83,"column":31}},"83":{"start":{"line":84,"column":0},"end":{"line":84,"column":61}},"84":{"start":{"line":85,"column":0},"end":{"line":85,"column":46}},"85":{"start":{"line":86,"column":0},"end":{"line":86,"column":96}},"86":{"start":{"line":87,"column":0},"end":{"line":87,"column":49}},"87":{"start":{"line":88,"column":0},"end":{"line":88,"column":30}},"88":{"start":{"line":89,"column":0},"end":{"line":89,"column":36}},"89":{"start":{"line":90,"column":0},"end":{"line":90,"column":34}},"90":{"start":{"line":91,"column":0},"end":{"line":91,"column":63}},"91":{"start":{"line":92,"column":0},"end":{"line":92,"column":76}},"92":{"start":{"line":93,"column":0},"end":{"line":93,"column":7}},"93":{"start":{"line":94,"column":0},"end":{"line":94,"column":4}},"94":{"start":{"line":95,"column":0},"end":{"line":95,"column":2}},"96":{"start":{"line":97,"column":0},"end":{"line":97,"column":27}},"97":{"start":{"line":98,"column":0},"end":{"line":98,"column":69}},"98":{"start":{"line":99,"column":0},"end":{"line":99,"column":45}},"99":{"start":{"line":100,"column":0},"end":{"line":100,"column":2}},"101":{"start":{"line":102,"column":0},"end":{"line":102,"column":28}},"102":{"start":{"line":103,"column":0},"end":{"line":103,"column":58}},"103":{"start":{"line":104,"column":0},"end":{"line":104,"column":43}},"104":{"start":{"line":105,"column":0},"end":{"line":105,"column":89}},"105":{"start":{"line":106,"column":0},"end":{"line":106,"column":55}},"106":{"start":{"line":107,"column":0},"end":{"line":107,"column":2}},"108":{"start":{"line":109,"column":0},"end":{"line":109,"column":29}},"109":{"start":{"line":110,"column":0},"end":{"line":110,"column":33}},"110":{"start":{"line":111,"column":0},"end":{"line":111,"column":96}},"111":{"start":{"line":112,"column":0},"end":{"line":112,"column":9}},"112":{"start":{"line":113,"column":0},"end":{"line":113,"column":57}},"113":{"start":{"line":114,"column":0},"end":{"line":114,"column":59}},"114":{"start":{"line":115,"column":0},"end":{"line":115,"column":56}},"115":{"start":{"line":116,"column":0},"end":{"line":116,"column":9}},"117":{"start":{"line":118,"column":0},"end":{"line":118,"column":40}},"118":{"start":{"line":119,"column":0},"end":{"line":119,"column":34}},"120":{"start":{"line":121,"column":0},"end":{"line":121,"column":40}},"121":{"start":{"line":122,"column":0},"end":{"line":122,"column":67}},"122":{"start":{"line":123,"column":0},"end":{"line":123,"column":9}},"123":{"start":{"line":124,"column":0},"end":{"line":124,"column":8}},"124":{"start":{"line":125,"column":0},"end":{"line":125,"column":82}},"125":{"start":{"line":126,"column":0},"end":{"line":126,"column":92}},"127":{"start":{"line":128,"column":0},"end":{"line":128,"column":14}},"128":{"start":{"line":129,"column":0},"end":{"line":129,"column":38}},"129":{"start":{"line":130,"column":0},"end":{"line":130,"column":41}},"130":{"start":{"line":131,"column":0},"end":{"line":131,"column":30}},"131":{"start":{"line":132,"column":0},"end":{"line":132,"column":27}},"132":{"start":{"line":133,"column":0},"end":{"line":133,"column":8}},"133":{"start":{"line":134,"column":0},"end":{"line":134,"column":13}},"134":{"start":{"line":135,"column":0},"end":{"line":135,"column":38}},"135":{"start":{"line":136,"column":0},"end":{"line":136,"column":14}},"136":{"start":{"line":137,"column":0},"end":{"line":137,"column":28}},"137":{"start":{"line":138,"column":0},"end":{"line":138,"column":25}},"138":{"start":{"line":139,"column":0},"end":{"line":139,"column":26}},"139":{"start":{"line":140,"column":0},"end":{"line":140,"column":27}},"140":{"start":{"line":141,"column":0},"end":{"line":141,"column":8}},"141":{"start":{"line":142,"column":0},"end":{"line":142,"column":5}},"142":{"start":{"line":143,"column":0},"end":{"line":143,"column":4}},"143":{"start":{"line":144,"column":0},"end":{"line":144,"column":2}},"145":{"start":{"line":146,"column":0},"end":{"line":146,"column":19}}},"s":{"0":1,"2":1,"3":1,"4":1,"6":1,"7":21,"9":21,"10":21,"11":21,"12":21,"14":21,"15":21,"16":21,"17":21,"18":21,"19":21,"20":21,"21":21,"23":21,"24":21,"26":21,"27":1,"28":1,"29":1,"30":1,"32":21,"33":1,"34":1,"36":15,"37":15,"38":21,"39":6,"40":6,"41":1,"42":1,"43":5,"44":5,"45":5,"46":1,"48":1,"49":1,"50":17,"51":17,"52":17,"53":1,"54":1,"55":4,"56":4,"57":4,"58":4,"59":4,"60":4,"61":4,"62":4,"63":4,"64":1,"65":1,"66":0,"67":0,"68":0,"69":0,"70":1,"71":1,"72":0,"73":0,"74":0,"75":1,"76":1,"77":1,"79":1,"81":1,"82":1,"83":1,"84":1,"85":1,"86":1,"87":1,"88":1,"89":1,"90":1,"91":1,"92":1,"93":1,"94":1,"96":1,"97":1,"98":1,"99":1,"101":1,"102":1,"103":1,"104":1,"105":1,"106":1,"108":1,"109":1,"110":2,"111":2,"112":2,"113":2,"114":2,"115":2,"117":1,"118":1,"120":1,"121":1,"122":1,"123":1,"124":1,"125":1,"127":1,"128":1,"129":1,"130":1,"131":1,"132":1,"133":1,"134":1,"135":1,"136":1,"137":1,"138":1,"139":1,"140":1,"141":1,"142":1,"143":1,"145":1},"branchMap":{"0":{"type":"branch","line":4,"loc":{"start":{"line":4,"column":24},"end":{"line":78,"column":2}},"locations":[{"start":{"line":4,"column":24},"end":{"line":78,"column":2}}]},"1":{"type":"branch","line":7,"loc":{"start":{"line":7,"column":18},"end":{"line":47,"column":3}},"locations":[{"start":{"line":7,"column":18},"end":{"line":47,"column":3}}]},"2":{"type":"branch","line":12,"loc":{"start":{"line":12,"column":16},"end":{"line":12,"column":55}},"locations":[{"start":{"line":12,"column":16},"end":{"line":12,"column":55}}]},"3":{"type":"branch","line":25,"loc":{"start":{"line":25,"column":53},"end":{"line":27,"column":35}},"locations":[{"start":{"line":25,"column":53},"end":{"line":27,"column":35}}]},"4":{"type":"branch","line":27,"loc":{"start":{"line":27,"column":35},"end":{"line":31,"column":7}},"locations":[{"start":{"line":27,"column":35},"end":{"line":31,"column":7}}]},"5":{"type":"branch","line":31,"loc":{"start":{"line":31,"column":6},"end":{"line":33,"column":24}},"locations":[{"start":{"line":31,"column":6},"end":{"line":33,"column":24}}]},"6":{"type":"branch","line":33,"loc":{"start":{"line":33,"column":24},"end":{"line":35,"column":7}},"locations":[{"start":{"line":33,"column":24},"end":{"line":35,"column":7}}]},"7":{"type":"branch","line":35,"loc":{"start":{"line":35,"column":6},"end":{"line":39,"column":6}},"locations":[{"start":{"line":35,"column":6},"end":{"line":39,"column":6}}]},"8":{"type":"branch","line":39,"loc":{"start":{"line":39,"column":6},"end":{"line":46,"column":5}},"locations":[{"start":{"line":39,"column":6},"end":{"line":46,"column":5}}]},"9":{"type":"branch","line":41,"loc":{"start":{"line":41,"column":37},"end":{"line":41,"column":75}},"locations":[{"start":{"line":41,"column":37},"end":{"line":41,"column":75}}]},"10":{"type":"branch","line":41,"loc":{"start":{"line":41,"column":77},"end":{"line":43,"column":7}},"locations":[{"start":{"line":41,"column":77},"end":{"line":43,"column":7}}]},"11":{"type":"branch","line":43,"loc":{"start":{"line":43,"column":6},"end":{"line":46,"column":5}},"locations":[{"start":{"line":43,"column":6},"end":{"line":46,"column":5}}]},"12":{"type":"branch","line":50,"loc":{"start":{"line":50,"column":9},"end":{"line":54,"column":5}},"locations":[{"start":{"line":50,"column":9},"end":{"line":54,"column":5}}]},"13":{"type":"branch","line":52,"loc":{"start":{"line":52,"column":25},"end":{"line":52,"column":71}},"locations":[{"start":{"line":52,"column":25},"end":{"line":52,"column":71}}]},"14":{"type":"branch","line":52,"loc":{"start":{"line":52,"column":72},"end":{"line":52,"column":82}},"locations":[{"start":{"line":52,"column":72},"end":{"line":52,"column":82}}]},"15":{"type":"branch","line":55,"loc":{"start":{"line":55,"column":10},"end":{"line":65,"column":5}},"locations":[{"start":{"line":55,"column":10},"end":{"line":65,"column":5}}]},"16":{"type":"branch","line":59,"loc":{"start":{"line":59,"column":25},"end":{"line":59,"column":31}},"locations":[{"start":{"line":59,"column":25},"end":{"line":59,"column":31}}]},"17":{"type":"branch","line":59,"loc":{"start":{"line":59,"column":32},"end":{"line":59,"column":54}},"locations":[{"start":{"line":59,"column":32},"end":{"line":59,"column":54}}]},"18":{"type":"branch","line":62,"loc":{"start":{"line":62,"column":10},"end":{"line":62,"column":27}},"locations":[{"start":{"line":62,"column":10},"end":{"line":62,"column":27}}]},"19":{"type":"branch","line":63,"loc":{"start":{"line":63,"column":10},"end":{"line":63,"column":70}},"locations":[{"start":{"line":63,"column":10},"end":{"line":63,"column":70}}]},"20":{"type":"branch","line":84,"loc":{"start":{"line":84,"column":10},"end":{"line":84,"column":60}},"locations":[{"start":{"line":84,"column":10},"end":{"line":84,"column":60}}]},"21":{"type":"branch","line":85,"loc":{"start":{"line":85,"column":11},"end":{"line":85,"column":45}},"locations":[{"start":{"line":85,"column":11},"end":{"line":85,"column":45}}]},"22":{"type":"branch","line":86,"loc":{"start":{"line":86,"column":15},"end":{"line":86,"column":68}},"locations":[{"start":{"line":86,"column":15},"end":{"line":86,"column":68}}]},"23":{"type":"branch","line":87,"loc":{"start":{"line":87,"column":10},"end":{"line":87,"column":48}},"locations":[{"start":{"line":87,"column":10},"end":{"line":87,"column":48}}]},"24":{"type":"branch","line":88,"loc":{"start":{"line":88,"column":15},"end":{"line":94,"column":3}},"locations":[{"start":{"line":88,"column":15},"end":{"line":94,"column":3}}]},"25":{"type":"branch","line":98,"loc":{"start":{"line":98,"column":16},"end":{"line":98,"column":68}},"locations":[{"start":{"line":98,"column":16},"end":{"line":98,"column":68}}]},"26":{"type":"branch","line":99,"loc":{"start":{"line":99,"column":10},"end":{"line":99,"column":44}},"locations":[{"start":{"line":99,"column":10},"end":{"line":99,"column":44}}]},"27":{"type":"branch","line":103,"loc":{"start":{"line":103,"column":10},"end":{"line":103,"column":57}},"locations":[{"start":{"line":103,"column":10},"end":{"line":103,"column":57}}]},"28":{"type":"branch","line":104,"loc":{"start":{"line":104,"column":11},"end":{"line":104,"column":42}},"locations":[{"start":{"line":104,"column":11},"end":{"line":104,"column":42}}]},"29":{"type":"branch","line":105,"loc":{"start":{"line":105,"column":18},"end":{"line":105,"column":88}},"locations":[{"start":{"line":105,"column":18},"end":{"line":105,"column":88}}]},"30":{"type":"branch","line":106,"loc":{"start":{"line":106,"column":12},"end":{"line":106,"column":54}},"locations":[{"start":{"line":106,"column":12},"end":{"line":106,"column":54}}]},"31":{"type":"branch","line":110,"loc":{"start":{"line":110,"column":20},"end":{"line":143,"column":3}},"locations":[{"start":{"line":110,"column":20},"end":{"line":143,"column":3}}]},"32":{"type":"branch","line":116,"loc":{"start":{"line":116,"column":8},"end":{"line":142,"column":5}},"locations":[{"start":{"line":116,"column":8},"end":{"line":142,"column":5}}]},"33":{"type":"branch","line":122,"loc":{"start":{"line":122,"column":8},"end":{"line":122,"column":66}},"locations":[{"start":{"line":122,"column":8},"end":{"line":122,"column":66}}]},"34":{"type":"branch","line":122,"loc":{"start":{"line":122,"column":61},"end":{"line":122,"column":65}},"locations":[{"start":{"line":122,"column":61},"end":{"line":122,"column":65}}]},"35":{"type":"branch","line":125,"loc":{"start":{"line":125,"column":45},"end":{"line":125,"column":73}},"locations":[{"start":{"line":125,"column":45},"end":{"line":125,"column":73}}]},"36":{"type":"branch","line":126,"loc":{"start":{"line":126,"column":35},"end":{"line":126,"column":83}},"locations":[{"start":{"line":126,"column":35},"end":{"line":126,"column":83}}]},"37":{"type":"branch","line":126,"loc":{"start":{"line":126,"column":62},"end":{"line":126,"column":83}},"locations":[{"start":{"line":126,"column":62},"end":{"line":126,"column":83}}]}},"b":{"0":[1],"1":[21],"2":[1],"3":[18],"4":[1],"5":[16],"6":[1],"7":[15],"8":[6],"9":[2],"10":[1],"11":[5],"12":[17],"13":[14],"14":[3],"15":[4],"16":[1],"17":[3],"18":[1],"19":[3],"20":[7],"21":[1],"22":[1],"23":[1],"24":[1],"25":[1],"26":[1],"27":[1],"28":[1],"29":[1],"30":[1],"31":[2],"32":[1],"33":[3],"34":[0],"35":[3],"36":[3],"37":[2]},"fnMap":{"0":{"name":"createApiClient","decl":{"start":{"line":4,"column":24},"end":{"line":78,"column":2}},"loc":{"start":{"line":4,"column":24},"end":{"line":78,"column":2}},"line":4},"1":{"name":"request","decl":{"start":{"line":7,"column":18},"end":{"line":47,"column":3}},"loc":{"start":{"line":7,"column":18},"end":{"line":47,"column":3}},"line":7},"2":{"name":"get","decl":{"start":{"line":50,"column":9},"end":{"line":54,"column":5}},"loc":{"start":{"line":50,"column":9},"end":{"line":54,"column":5}},"line":50},"3":{"name":"post","decl":{"start":{"line":55,"column":10},"end":{"line":65,"column":5}},"loc":{"start":{"line":55,"column":10},"end":{"line":65,"column":5}},"line":55},"4":{"name":"put","decl":{"start":{"line":66,"column":9},"end":{"line":71,"column":8}},"loc":{"start":{"line":66,"column":9},"end":{"line":71,"column":8}},"line":66},"5":{"name":"delete","decl":{"start":{"line":72,"column":12},"end":{"line":76,"column":8}},"loc":{"start":{"line":72,"column":12},"end":{"line":76,"column":8}},"line":72},"6":{"name":"getAll","decl":{"start":{"line":84,"column":10},"end":{"line":84,"column":60}},"loc":{"start":{"line":84,"column":10},"end":{"line":84,"column":60}},"line":84},"7":{"name":"getById","decl":{"start":{"line":85,"column":11},"end":{"line":85,"column":45}},"loc":{"start":{"line":85,"column":11},"end":{"line":85,"column":45}},"line":85},"8":{"name":"getFeatured","decl":{"start":{"line":86,"column":15},"end":{"line":86,"column":68}},"loc":{"start":{"line":86,"column":15},"end":{"line":86,"column":68}},"line":86},"9":{"name":"create","decl":{"start":{"line":87,"column":10},"end":{"line":87,"column":48}},"loc":{"start":{"line":87,"column":10},"end":{"line":87,"column":48}},"line":87},"10":{"name":"uploadImage","decl":{"start":{"line":88,"column":15},"end":{"line":94,"column":3}},"loc":{"start":{"line":88,"column":15},"end":{"line":94,"column":3}},"line":88},"11":{"name":"getByArtwork","decl":{"start":{"line":98,"column":16},"end":{"line":98,"column":68}},"loc":{"start":{"line":98,"column":16},"end":{"line":98,"column":68}},"line":98},"12":{"name":"create","decl":{"start":{"line":99,"column":10},"end":{"line":99,"column":44}},"loc":{"start":{"line":99,"column":10},"end":{"line":99,"column":44}},"line":99},"13":{"name":"getAll","decl":{"start":{"line":103,"column":10},"end":{"line":103,"column":57}},"loc":{"start":{"line":103,"column":10},"end":{"line":103,"column":57}},"line":103},"14":{"name":"getById","decl":{"start":{"line":104,"column":11},"end":{"line":104,"column":42}},"loc":{"start":{"line":104,"column":11},"end":{"line":104,"column":42}},"line":104},"15":{"name":"getCurrentUser","decl":{"start":{"line":105,"column":18},"end":{"line":105,"column":88}},"loc":{"start":{"line":105,"column":18},"end":{"line":105,"column":88}},"line":105},"16":{"name":"register","decl":{"start":{"line":106,"column":12},"end":{"line":106,"column":54}},"loc":{"start":{"line":106,"column":12},"end":{"line":106,"column":54}},"line":106},"17":{"name":"getPlatformStats","decl":{"start":{"line":110,"column":20},"end":{"line":143,"column":3}},"loc":{"start":{"line":110,"column":20},"end":{"line":143,"column":3}},"line":110}},"f":{"0":1,"1":21,"2":17,"3":4,"4":0,"5":0,"6":7,"7":1,"8":1,"9":1,"10":1,"11":1,"12":1,"13":1,"14":1,"15":1,"16":1,"17":2}}
,"C:\\Users\\vince\\guess-the-worth\\frontend\\src\\store\\authStore.js": {"path":"C:\\Users\\vince\\guess-the-worth\\frontend\\src\\store\\authStore.js","all":false,"statementMap":{"0":{"start":{"line":1,"column":0},"end":{"line":1,"column":61}},"1":{"start":{"line":2,"column":0},"end":{"line":2,"column":67}},"3":{"start":{"line":4,"column":0},"end":{"line":4,"column":28}},"4":{"start":{"line":5,"column":0},"end":{"line":5,"column":10}},"5":{"start":{"line":6,"column":0},"end":{"line":6,"column":20}},"6":{"start":{"line":7,"column":0},"end":{"line":7,"column":17}},"7":{"start":{"line":8,"column":0},"end":{"line":8,"column":18}},"8":{"start":{"line":9,"column":0},"end":{"line":9,"column":29}},"9":{"start":{"line":10,"column":0},"end":{"line":10,"column":23}},"11":{"start":{"line":12,"column":0},"end":{"line":12,"column":31}},"12":{"start":{"line":13,"column":0},"end":{"line":13,"column":13}},"13":{"start":{"line":14,"column":0},"end":{"line":14,"column":15}},"14":{"start":{"line":15,"column":0},"end":{"line":15,"column":16}},"15":{"start":{"line":16,"column":0},"end":{"line":16,"column":32}},"16":{"start":{"line":17,"column":0},"end":{"line":17,"column":27}},"17":{"start":{"line":18,"column":0},"end":{"line":18,"column":11}},"19":{"start":{"line":20,"column":0},"end":{"line":20,"column":22}},"20":{"start":{"line":21,"column":0},"end":{"line":21,"column":13}},"21":{"start":{"line":22,"column":0},"end":{"line":22,"column":21}},"22":{"start":{"line":23,"column":0},"end":{"line":23,"column":22}},"23":{"start":{"line":24,"column":0},"end":{"line":24,"column":33}},"24":{"start":{"line":25,"column":0},"end":{"line":25,"column":27}},"25":{"start":{"line":26,"column":0},"end":{"line":26,"column":11}},"27":{"start":{"line":28,"column":0},"end":{"line":28,"column":52}},"29":{"start":{"line":30,"column":0},"end":{"line":30,"column":31}},"30":{"start":{"line":31,"column":0},"end":{"line":31,"column":25}},"31":{"start":{"line":32,"column":0},"end":{"line":32,"column":47}},"32":{"start":{"line":33,"column":0},"end":{"line":33,"column":12}},"34":{"start":{"line":35,"column":0},"end":{"line":35,"column":26}},"35":{"start":{"line":36,"column":0},"end":{"line":36,"column":28}},"36":{"start":{"line":37,"column":0},"end":{"line":37,"column":41}},"37":{"start":{"line":38,"column":0},"end":{"line":38,"column":8}},"39":{"start":{"line":40,"column":0},"end":{"line":40,"column":22}},"40":{"start":{"line":41,"column":0},"end":{"line":41,"column":28}},"41":{"start":{"line":42,"column":0},"end":{"line":42,"column":44}},"42":{"start":{"line":43,"column":0},"end":{"line":43,"column":8}},"44":{"start":{"line":45,"column":0},"end":{"line":45,"column":23}},"45":{"start":{"line":46,"column":0},"end":{"line":46,"column":28}},"46":{"start":{"line":47,"column":0},"end":{"line":47,"column":77}},"47":{"start":{"line":48,"column":0},"end":{"line":48,"column":8}},"49":{"start":{"line":50,"column":0},"end":{"line":50,"column":22}},"50":{"start":{"line":51,"column":0},"end":{"line":51,"column":28}},"51":{"start":{"line":52,"column":0},"end":{"line":52,"column":71}},"52":{"start":{"line":53,"column":0},"end":{"line":53,"column":8}},"53":{"start":{"line":54,"column":0},"end":{"line":54,"column":7}},"54":{"start":{"line":55,"column":0},"end":{"line":55,"column":5}},"55":{"start":{"line":56,"column":0},"end":{"line":56,"column":27}},"56":{"start":{"line":57,"column":0},"end":{"line":57,"column":31}},"57":{"start":{"line":58,"column":0},"end":{"line":58,"column":25}},"58":{"start":{"line":59,"column":0},"end":{"line":59,"column":27}},"59":{"start":{"line":60,"column":0},"end":{"line":60,"column":47}},"60":{"start":{"line":61,"column":0},"end":{"line":61,"column":9}},"61":{"start":{"line":62,"column":0},"end":{"line":62,"column":5}},"62":{"start":{"line":63,"column":0},"end":{"line":63,"column":3}},"63":{"start":{"line":64,"column":0},"end":{"line":64,"column":2}},"65":{"start":{"line":66,"column":0},"end":{"line":66,"column":28}}},"s":{"0":1,"1":1,"3":1,"4":1,"5":1,"6":1,"7":1,"8":1,"9":1,"11":1,"12":18,"13":18,"14":18,"15":18,"16":18,"17":1,"19":1,"20":2,"21":2,"22":2,"23":2,"24":2,"25":1,"27":1,"29":1,"30":3,"31":3,"32":1,"34":1,"35":3,"36":3,"37":1,"39":1,"40":4,"41":4,"42":1,"44":1,"45":5,"46":5,"47":1,"49":1,"50":5,"51":5,"52":1,"53":1,"54":1,"55":1,"56":1,"57":53,"58":53,"59":53,"60":1,"61":1,"62":1,"63":1,"65":1},"branchMap":{"0":{"type":"branch","line":6,"loc":{"start":{"line":6,"column":4},"end":{"line":54,"column":6}},"locations":[{"start":{"line":6,"column":4},"end":{"line":54,"column":6}}]},"1":{"type":"branch","line":12,"loc":{"start":{"line":12,"column":15},"end":{"line":18,"column":10}},"locations":[{"start":{"line":12,"column":15},"end":{"line":18,"column":10}}]},"2":{"type":"branch","line":20,"loc":{"start":{"line":20,"column":17},"end":{"line":26,"column":10}},"locations":[{"start":{"line":20,"column":17},"end":{"line":26,"column":10}}]},"3":{"type":"branch","line":28,"loc":{"start":{"line":28,"column":18},"end":{"line":28,"column":51}},"locations":[{"start":{"line":28,"column":18},"end":{"line":28,"column":51}}]},"4":{"type":"branch","line":30,"loc":{"start":{"line":30,"column":18},"end":{"line":33,"column":11}},"locations":[{"start":{"line":30,"column":18},"end":{"line":33,"column":11}}]},"5":{"type":"branch","line":31,"loc":{"start":{"line":31,"column":12},"end":{"line":33,"column":10}},"locations":[{"start":{"line":31,"column":12},"end":{"line":33,"column":10}}]},"6":{"type":"branch","line":35,"loc":{"start":{"line":35,"column":15},"end":{"line":38,"column":7}},"locations":[{"start":{"line":35,"column":15},"end":{"line":38,"column":7}}]},"7":{"type":"branch","line":37,"loc":{"start":{"line":37,"column":25},"end":{"line":37,"column":31}},"locations":[{"start":{"line":37,"column":25},"end":{"line":37,"column":31}}]},"8":{"type":"branch","line":40,"loc":{"start":{"line":40,"column":15},"end":{"line":43,"column":7}},"locations":[{"start":{"line":40,"column":15},"end":{"line":43,"column":7}}]},"9":{"type":"branch","line":42,"loc":{"start":{"line":42,"column":25},"end":{"line":42,"column":31}},"locations":[{"start":{"line":42,"column":25},"end":{"line":42,"column":31}}]},"10":{"type":"branch","line":45,"loc":{"start":{"line":45,"column":16},"end":{"line":48,"column":7}},"locations":[{"start":{"line":45,"column":16},"end":{"line":48,"column":7}}]},"11":{"type":"branch","line":47,"loc":{"start":{"line":47,"column":25},"end":{"line":47,"column":31}},"locations":[{"start":{"line":47,"column":25},"end":{"line":47,"column":31}}]},"12":{"type":"branch","line":47,"loc":{"start":{"line":47,"column":45},"end":{"line":47,"column":76}},"locations":[{"start":{"line":47,"column":45},"end":{"line":47,"column":76}}]},"13":{"type":"branch","line":47,"loc":{"start":{"line":47,"column":58},"end":{"line":47,"column":64}},"locations":[{"start":{"line":47,"column":58},"end":{"line":47,"column":64}}]},"14":{"type":"branch","line":50,"loc":{"start":{"line":50,"column":15},"end":{"line":53,"column":7}},"locations":[{"start":{"line":50,"column":15},"end":{"line":53,"column":7}}]},"15":{"type":"branch","line":52,"loc":{"start":{"line":52,"column":63},"end":{"line":52,"column":69}},"locations":[{"start":{"line":52,"column":63},"end":{"line":52,"column":69}}]},"16":{"type":"branch","line":57,"loc":{"start":{"line":57,"column":18},"end":{"line":61,"column":8}},"locations":[{"start":{"line":57,"column":18},"end":{"line":61,"column":8}}]}},"b":{"0":[1],"1":[18],"2":[2],"3":[3],"4":[3],"5":[3],"6":[3],"7":[2],"8":[4],"9":[3],"10":[5],"11":[4],"12":[4],"13":[3],"14":[5],"15":[4],"16":[53]},"fnMap":{"0":{"name":"useAuthStore.name","decl":{"start":{"line":6,"column":4},"end":{"line":54,"column":6}},"loc":{"start":{"line":6,"column":4},"end":{"line":54,"column":6}},"line":6},"1":{"name":"setAuth","decl":{"start":{"line":12,"column":15},"end":{"line":18,"column":10}},"loc":{"start":{"line":12,"column":15},"end":{"line":18,"column":10}},"line":12},"2":{"name":"clearAuth","decl":{"start":{"line":20,"column":17},"end":{"line":26,"column":10}},"loc":{"start":{"line":20,"column":17},"end":{"line":26,"column":10}},"line":20},"3":{"name":"setLoading","decl":{"start":{"line":28,"column":18},"end":{"line":28,"column":51}},"loc":{"start":{"line":28,"column":18},"end":{"line":28,"column":51}},"line":28},"4":{"name":"updateUser","decl":{"start":{"line":30,"column":18},"end":{"line":33,"column":11}},"loc":{"start":{"line":30,"column":18},"end":{"line":33,"column":11}},"line":30},"5":{"name":"hasRole","decl":{"start":{"line":35,"column":15},"end":{"line":38,"column":7}},"loc":{"start":{"line":35,"column":15},"end":{"line":38,"column":7}},"line":35},"6":{"name":"isAdmin","decl":{"start":{"line":40,"column":15},"end":{"line":43,"column":7}},"loc":{"start":{"line":40,"column":15},"end":{"line":43,"column":7}},"line":40},"7":{"name":"isSeller","decl":{"start":{"line":45,"column":16},"end":{"line":48,"column":7}},"loc":{"start":{"line":45,"column":16},"end":{"line":48,"column":7}},"line":45},"8":{"name":"isBuyer","decl":{"start":{"line":50,"column":15},"end":{"line":53,"column":7}},"loc":{"start":{"line":50,"column":15},"end":{"line":53,"column":7}},"line":50},"9":{"name":"partialize","decl":{"start":{"line":57,"column":18},"end":{"line":61,"column":8}},"loc":{"start":{"line":57,"column":18},"end":{"line":61,"column":8}},"line":57}},"f":{"0":1,"1":18,"2":2,"3":3,"4":3,"5":3,"6":4,"7":5,"8":5,"9":53}}
,"C:\\Users\\vince\\guess-the-worth\\frontend\\src\\store\\biddingStore.js": {"path":"C:\\Users\\vince\\guess-the-worth\\frontend\\src\\store\\biddingStore.js","all":false,"statementMap":{"0":{"start":{"line":1,"column":0},"end":{"line":1,"column":61}},"2":{"start":{"line":3,"column":0},"end":{"line":3,"column":42}},"3":{"start":{"line":4,"column":0},"end":{"line":4,"column":28}},"4":{"start":{"line":5,"column":0},"end":{"line":5,"column":25}},"5":{"start":{"line":6,"column":0},"end":{"line":6,"column":25}},"7":{"start":{"line":8,"column":0},"end":{"line":8,"column":73}},"9":{"start":{"line":10,"column":0},"end":{"line":10,"column":42}},"10":{"start":{"line":11,"column":0},"end":{"line":11,"column":20}},"11":{"start":{"line":12,"column":0},"end":{"line":12,"column":62}},"12":{"start":{"line":13,"column":0},"end":{"line":13,"column":52}},"13":{"start":{"line":14,"column":0},"end":{"line":14,"column":51}},"14":{"start":{"line":15,"column":0},"end":{"line":15,"column":7}},"16":{"start":{"line":17,"column":0},"end":{"line":17,"column":30}},"17":{"start":{"line":18,"column":0},"end":{"line":18,"column":20}},"18":{"start":{"line":19,"column":0},"end":{"line":19,"column":62}},"19":{"start":{"line":20,"column":0},"end":{"line":20,"column":56}},"20":{"start":{"line":21,"column":0},"end":{"line":21,"column":42}},"21":{"start":{"line":22,"column":0},"end":{"line":22,"column":39}},"22":{"start":{"line":23,"column":0},"end":{"line":23,"column":14}},"23":{"start":{"line":24,"column":0},"end":{"line":24,"column":42}},"24":{"start":{"line":25,"column":0},"end":{"line":25,"column":36}},"25":{"start":{"line":26,"column":0},"end":{"line":26,"column":8}},"26":{"start":{"line":27,"column":0},"end":{"line":27,"column":7}},"28":{"start":{"line":29,"column":0},"end":{"line":29,"column":36}},"29":{"start":{"line":30,"column":0},"end":{"line":30,"column":20}},"30":{"start":{"line":31,"column":0},"end":{"line":31,"column":56}},"31":{"start":{"line":32,"column":0},"end":{"line":32,"column":62}},"33":{"start":{"line":34,"column":0},"end":{"line":34,"column":45}},"35":{"start":{"line":36,"column":0},"end":{"line":36,"column":45}},"36":{"start":{"line":37,"column":0},"end":{"line":37,"column":45}},"37":{"start":{"line":38,"column":0},"end":{"line":38,"column":57}},"38":{"start":{"line":39,"column":0},"end":{"line":39,"column":42}},"39":{"start":{"line":40,"column":0},"end":{"line":40,"column":21}},"40":{"start":{"line":41,"column":0},"end":{"line":41,"column":46}},"41":{"start":{"line":42,"column":0},"end":{"line":42,"column":11}},"42":{"start":{"line":43,"column":0},"end":{"line":43,"column":7}},"44":{"start":{"line":45,"column":0},"end":{"line":45,"column":14}},"45":{"start":{"line":46,"column":0},"end":{"line":46,"column":36}},"46":{"start":{"line":47,"column":0},"end":{"line":47,"column":42}},"47":{"start":{"line":48,"column":0},"end":{"line":48,"column":8}},"48":{"start":{"line":49,"column":0},"end":{"line":49,"column":7}},"50":{"start":{"line":51,"column":0},"end":{"line":51,"column":33}},"51":{"start":{"line":52,"column":0},"end":{"line":52,"column":20}},"52":{"start":{"line":53,"column":0},"end":{"line":53,"column":62}},"53":{"start":{"line":54,"column":0},"end":{"line":54,"column":45}},"54":{"start":{"line":55,"column":0},"end":{"line":55,"column":57}},"55":{"start":{"line":56,"column":0},"end":{"line":56,"column":42}},"56":{"start":{"line":57,"column":0},"end":{"line":57,"column":21}},"57":{"start":{"line":58,"column":0},"end":{"line":58,"column":25}},"58":{"start":{"line":59,"column":0},"end":{"line":59,"column":11}},"59":{"start":{"line":60,"column":0},"end":{"line":60,"column":7}},"60":{"start":{"line":61,"column":0},"end":{"line":61,"column":51}},"61":{"start":{"line":62,"column":0},"end":{"line":62,"column":7}},"63":{"start":{"line":64,"column":0},"end":{"line":64,"column":17}},"64":{"start":{"line":65,"column":0},"end":{"line":65,"column":9}},"65":{"start":{"line":66,"column":0},"end":{"line":66,"column":32}},"66":{"start":{"line":67,"column":0},"end":{"line":67,"column":29}},"67":{"start":{"line":68,"column":0},"end":{"line":68,"column":7}},"68":{"start":{"line":69,"column":0},"end":{"line":69,"column":4}},"70":{"start":{"line":71,"column":0},"end":{"line":71,"column":31}}},"s":{"0":1,"2":1,"3":1,"4":1,"5":1,"7":1,"9":1,"10":20,"11":20,"12":20,"13":20,"14":1,"16":1,"17":5,"18":5,"19":5,"20":5,"21":5,"22":5,"23":5,"24":5,"25":5,"26":1,"28":1,"29":14,"30":14,"31":14,"33":14,"35":14,"36":14,"37":8,"38":8,"39":8,"40":8,"41":8,"42":8,"44":14,"45":14,"46":14,"47":14,"48":1,"50":1,"51":5,"52":5,"53":5,"54":4,"55":4,"56":4,"57":4,"58":4,"59":4,"60":5,"61":1,"63":1,"64":3,"65":3,"66":3,"67":1,"68":1,"70":1},"branchMap":{"0":{"type":"branch","line":3,"loc":{"start":{"line":3,"column":31},"end":{"line":69,"column":2}},"locations":[{"start":{"line":3,"column":31},"end":{"line":69,"column":2}}]},"1":{"type":"branch","line":8,"loc":{"start":{"line":8,"column":22},"end":{"line":8,"column":72}},"locations":[{"start":{"line":8,"column":22},"end":{"line":8,"column":72}}]},"2":{"type":"branch","line":10,"loc":{"start":{"line":10,"column":15},"end":{"line":15,"column":6}},"locations":[{"start":{"line":10,"column":15},"end":{"line":15,"column":6}}]},"3":{"type":"branch","line":11,"loc":{"start":{"line":11,"column":8},"end":{"line":15,"column":5}},"locations":[{"start":{"line":11,"column":8},"end":{"line":15,"column":5}}]},"4":{"type":"branch","line":17,"loc":{"start":{"line":17,"column":16},"end":{"line":27,"column":6}},"locations":[{"start":{"line":17,"column":16},"end":{"line":27,"column":6}}]},"5":{"type":"branch","line":18,"loc":{"start":{"line":18,"column":8},"end":{"line":27,"column":5}},"locations":[{"start":{"line":18,"column":8},"end":{"line":27,"column":5}}]},"6":{"type":"branch","line":29,"loc":{"start":{"line":29,"column":13},"end":{"line":49,"column":6}},"locations":[{"start":{"line":29,"column":13},"end":{"line":49,"column":6}}]},"7":{"type":"branch","line":30,"loc":{"start":{"line":30,"column":8},"end":{"line":49,"column":5}},"locations":[{"start":{"line":30,"column":8},"end":{"line":49,"column":5}}]},"8":{"type":"branch","line":37,"loc":{"start":{"line":37,"column":44},"end":{"line":43,"column":7}},"locations":[{"start":{"line":37,"column":44},"end":{"line":43,"column":7}}]},"9":{"type":"branch","line":51,"loc":{"start":{"line":51,"column":19},"end":{"line":62,"column":6}},"locations":[{"start":{"line":51,"column":19},"end":{"line":62,"column":6}}]},"10":{"type":"branch","line":52,"loc":{"start":{"line":52,"column":8},"end":{"line":62,"column":5}},"locations":[{"start":{"line":52,"column":8},"end":{"line":62,"column":5}}]},"11":{"type":"branch","line":54,"loc":{"start":{"line":54,"column":44},"end":{"line":60,"column":7}},"locations":[{"start":{"line":54,"column":44},"end":{"line":60,"column":7}}]},"12":{"type":"branch","line":64,"loc":{"start":{"line":64,"column":12},"end":{"line":68,"column":6}},"locations":[{"start":{"line":64,"column":12},"end":{"line":68,"column":6}}]}},"b":{"0":[1],"1":[4],"2":[20],"3":[20],"4":[5],"5":[5],"6":[14],"7":[14],"8":[8],"9":[5],"10":[5],"11":[4],"12":[3]},"fnMap":{"0":{"name":"setSocketConnected","decl":{"start":{"line":8,"column":22},"end":{"line":8,"column":72}},"loc":{"start":{"line":8,"column":22},"end":{"line":8,"column":72}},"line":8},"1":{"name":"joinArtwork","decl":{"start":{"line":10,"column":15},"end":{"line":15,"column":6}},"loc":{"start":{"line":10,"column":15},"end":{"line":15,"column":6}},"line":10},"2":{"name":"leaveArtwork","decl":{"start":{"line":17,"column":16},"end":{"line":27,"column":6}},"loc":{"start":{"line":17,"column":16},"end":{"line":27,"column":6}},"line":17},"3":{"name":"updateBid","decl":{"start":{"line":29,"column":13},"end":{"line":49,"column":6}},"loc":{"start":{"line":29,"column":13},"end":{"line":49,"column":6}},"line":29},"4":{"name":"markArtworkSold","decl":{"start":{"line":51,"column":19},"end":{"line":62,"column":6}},"loc":{"start":{"line":51,"column":19},"end":{"line":62,"column":6}},"line":51},"5":{"name":"clearAll","decl":{"start":{"line":64,"column":12},"end":{"line":68,"column":6}},"loc":{"start":{"line":64,"column":12},"end":{"line":68,"column":6}},"line":64}},"f":{"0":4,"1":20,"2":5,"3":14,"4":5,"5":3}}
,"C:\\Users\\vince\\guess-the-worth\\frontend\\src\\store\\favoritesStore.js": {"path":"C:\\Users\\vince\\guess-the-worth\\frontend\\src\\store\\favoritesStore.js","all":false,"statementMap":{"0":{"start":{"line":1,"column":0},"end":{"line":1,"column":61}},"2":{"start":{"line":3,"column":0},"end":{"line":3,"column":49}},"3":{"start":{"line":4,"column":0},"end":{"line":4,"column":16}},"5":{"start":{"line":6,"column":0},"end":{"line":6,"column":32}},"6":{"start":{"line":7,"column":0},"end":{"line":7,"column":45}},"7":{"start":{"line":8,"column":0},"end":{"line":8,"column":65}},"8":{"start":{"line":9,"column":0},"end":{"line":9,"column":11}},"9":{"start":{"line":10,"column":0},"end":{"line":10,"column":94}},"10":{"start":{"line":11,"column":0},"end":{"line":11,"column":9}},"11":{"start":{"line":12,"column":0},"end":{"line":12,"column":5}},"12":{"start":{"line":13,"column":0},"end":{"line":13,"column":4}},"14":{"start":{"line":15,"column":0},"end":{"line":15,"column":39}},"15":{"start":{"line":16,"column":0},"end":{"line":16,"column":9}},"16":{"start":{"line":17,"column":0},"end":{"line":17,"column":71}},"17":{"start":{"line":18,"column":0},"end":{"line":18,"column":7}},"18":{"start":{"line":19,"column":0},"end":{"line":19,"column":4}},"20":{"start":{"line":21,"column":0},"end":{"line":21,"column":30}},"21":{"start":{"line":22,"column":0},"end":{"line":22,"column":63}},"22":{"start":{"line":23,"column":0},"end":{"line":23,"column":4}},"24":{"start":{"line":25,"column":0},"end":{"line":25,"column":32}},"25":{"start":{"line":26,"column":0},"end":{"line":26,"column":47}},"26":{"start":{"line":27,"column":0},"end":{"line":27,"column":16}},"27":{"start":{"line":28,"column":0},"end":{"line":28,"column":44}},"28":{"start":{"line":29,"column":0},"end":{"line":29,"column":12}},"29":{"start":{"line":30,"column":0},"end":{"line":30,"column":36}},"30":{"start":{"line":31,"column":0},"end":{"line":31,"column":5}},"31":{"start":{"line":32,"column":0},"end":{"line":32,"column":4}},"32":{"start":{"line":33,"column":0},"end":{"line":33,"column":4}},"34":{"start":{"line":35,"column":0},"end":{"line":35,"column":33}}},"s":{"0":1,"2":1,"3":1,"5":1,"6":34,"7":34,"8":33,"9":33,"10":33,"11":33,"12":1,"14":1,"15":12,"16":12,"17":12,"18":1,"20":1,"21":32,"22":1,"24":1,"25":16,"26":16,"27":8,"28":8,"29":8,"30":8,"31":1,"32":1,"34":1},"branchMap":{"0":{"type":"branch","line":3,"loc":{"start":{"line":3,"column":33},"end":{"line":33,"column":2}},"locations":[{"start":{"line":3,"column":33},"end":{"line":33,"column":2}}]},"1":{"type":"branch","line":6,"loc":{"start":{"line":6,"column":18},"end":{"line":13,"column":3}},"locations":[{"start":{"line":6,"column":18},"end":{"line":13,"column":3}}]},"2":{"type":"branch","line":8,"loc":{"start":{"line":8,"column":64},"end":{"line":12,"column":5}},"locations":[{"start":{"line":8,"column":64},"end":{"line":12,"column":5}}]},"3":{"type":"branch","line":8,"loc":{"start":{"line":8,"column":31},"end":{"line":8,"column":61}},"locations":[{"start":{"line":8,"column":31},"end":{"line":8,"column":61}}]},"4":{"type":"branch","line":15,"loc":{"start":{"line":15,"column":23},"end":{"line":19,"column":3}},"locations":[{"start":{"line":15,"column":23},"end":{"line":19,"column":3}}]},"5":{"type":"branch","line":17,"loc":{"start":{"line":17,"column":40},"end":{"line":17,"column":69}},"locations":[{"start":{"line":17,"column":40},"end":{"line":17,"column":69}}]},"6":{"type":"branch","line":21,"loc":{"start":{"line":21,"column":14},"end":{"line":23,"column":3}},"locations":[{"start":{"line":21,"column":14},"end":{"line":23,"column":3}}]},"7":{"type":"branch","line":22,"loc":{"start":{"line":22,"column":32},"end":{"line":22,"column":61}},"locations":[{"start":{"line":22,"column":32},"end":{"line":22,"column":61}}]},"8":{"type":"branch","line":25,"loc":{"start":{"line":25,"column":18},"end":{"line":32,"column":3}},"locations":[{"start":{"line":25,"column":18},"end":{"line":32,"column":3}}]},"9":{"type":"branch","line":27,"loc":{"start":{"line":27,"column":15},"end":{"line":31,"column":5}},"locations":[{"start":{"line":27,"column":15},"end":{"line":31,"column":5}}]}},"b":{"0":[1],"1":[34],"2":[33],"3":[14],"4":[12],"5":[14],"6":[32],"7":[25],"8":[16],"9":[8]},"fnMap":{"0":{"name":"addToFavorites","decl":{"start":{"line":6,"column":18},"end":{"line":13,"column":3}},"loc":{"start":{"line":6,"column":18},"end":{"line":13,"column":3}},"line":6},"1":{"name":"removeFromFavorites","decl":{"start":{"line":15,"column":23},"end":{"line":19,"column":3}},"loc":{"start":{"line":15,"column":23},"end":{"line":19,"column":3}},"line":15},"2":{"name":"isFavorite","decl":{"start":{"line":21,"column":14},"end":{"line":23,"column":3}},"loc":{"start":{"line":21,"column":14},"end":{"line":23,"column":3}},"line":21},"3":{"name":"toggleFavorite","decl":{"start":{"line":25,"column":18},"end":{"line":32,"column":3}},"loc":{"start":{"line":25,"column":18},"end":{"line":32,"column":3}},"line":25}},"f":{"0":34,"1":12,"2":32,"3":16}}
}
