{
  "/Users/morten/Desktop/vsCode/guess-the-worth/frontend/src/components/ErrorMessage.jsx": {
    "path": "/Users/morten/Desktop/vsCode/guess-the-worth/frontend/src/components/ErrorMessage.jsx",
    "statementMap": {
      "0": { "start": { "line": 15, "column": 2 }, "end": { "line": 15, "column": null } },
      "1": { "start": { "line": 15, "column": 14 }, "end": { "line": 15, "column": null } },
      "2": { "start": { "line": 17, "column": 26 }, "end": { "line": 43, "column": null } },
      "3": { "start": { "line": 18, "column": 4 }, "end": { "line": 20, "column": null } },
      "4": { "start": { "line": 19, "column": 6 }, "end": { "line": 19, "column": null } },
      "5": { "start": { "line": 22, "column": 4 }, "end": { "line": 24, "column": null } },
      "6": { "start": { "line": 23, "column": 6 }, "end": { "line": 23, "column": null } },
      "7": { "start": { "line": 26, "column": 4 }, "end": { "line": 28, "column": null } },
      "8": { "start": { "line": 27, "column": 6 }, "end": { "line": 27, "column": null } },
      "9": { "start": { "line": 30, "column": 4 }, "end": { "line": 32, "column": null } },
      "10": { "start": { "line": 31, "column": 6 }, "end": { "line": 31, "column": null } },
      "11": { "start": { "line": 34, "column": 4 }, "end": { "line": 36, "column": null } },
      "12": { "start": { "line": 35, "column": 6 }, "end": { "line": 35, "column": null } },
      "13": { "start": { "line": 38, "column": 4 }, "end": { "line": 40, "column": null } },
      "14": { "start": { "line": 39, "column": 6 }, "end": { "line": 39, "column": null } },
      "15": { "start": { "line": 42, "column": 4 }, "end": { "line": 42, "column": null } },
      "16": { "start": { "line": 45, "column": 23 }, "end": { "line": 51, "column": null } },
      "17": { "start": { "line": 46, "column": 4 }, "end": { "line": 46, "column": null } },
      "18": { "start": { "line": 46, "column": 30 }, "end": { "line": 46, "column": null } },
      "19": { "start": { "line": 47, "column": 4 }, "end": { "line": 47, "column": null } },
      "20": { "start": { "line": 47, "column": 54 }, "end": { "line": 47, "column": null } },
      "21": { "start": { "line": 48, "column": 4 }, "end": { "line": 48, "column": null } },
      "22": { "start": { "line": 48, "column": 30 }, "end": { "line": 48, "column": null } },
      "23": { "start": { "line": 49, "column": 4 }, "end": { "line": 49, "column": null } },
      "24": { "start": { "line": 49, "column": 29 }, "end": { "line": 49, "column": null } },
      "25": { "start": { "line": 50, "column": 4 }, "end": { "line": 50, "column": null } },
      "26": { "start": { "line": 53, "column": 2 }, "end": { "line": 85, "column": null } },
      "27": { "start": { "line": 89, "column": 0 }, "end": { "line": 96, "column": null } }
    },
    "fnMap": {
      "0": {
        "name": "ErrorMessage",
        "decl": { "start": { "line": 14, "column": 24 }, "end": { "line": 14, "column": 37 } },
        "loc": { "start": { "line": 14, "column": 57 }, "end": { "line": 87, "column": null } },
        "line": 14
      },
      "1": {
        "name": "(anonymous_1)",
        "decl": { "start": { "line": 17, "column": 26 }, "end": { "line": 17, "column": 32 } },
        "loc": { "start": { "line": 17, "column": 32 }, "end": { "line": 43, "column": null } },
        "line": 17
      },
      "2": {
        "name": "(anonymous_2)",
        "decl": { "start": { "line": 45, "column": 23 }, "end": { "line": 45, "column": 29 } },
        "loc": { "start": { "line": 45, "column": 29 }, "end": { "line": 51, "column": null } },
        "line": 45
      }
    },
    "branchMap": {
      "0": {
        "loc": { "start": { "line": 15, "column": 2 }, "end": { "line": 15, "column": null } },
        "type": "if",
        "locations": [
          { "start": { "line": 15, "column": 2 }, "end": { "line": 15, "column": null } },
          { "start": {}, "end": {} }
        ],
        "line": 15
      },
      "1": {
        "loc": { "start": { "line": 18, "column": 4 }, "end": { "line": 20, "column": null } },
        "type": "if",
        "locations": [
          { "start": { "line": 18, "column": 4 }, "end": { "line": 20, "column": null } },
          { "start": {}, "end": {} }
        ],
        "line": 18
      },
      "2": {
        "loc": { "start": { "line": 22, "column": 4 }, "end": { "line": 24, "column": null } },
        "type": "if",
        "locations": [
          { "start": { "line": 22, "column": 4 }, "end": { "line": 24, "column": null } },
          { "start": {}, "end": {} }
        ],
        "line": 22
      },
      "3": {
        "loc": { "start": { "line": 26, "column": 4 }, "end": { "line": 28, "column": null } },
        "type": "if",
        "locations": [
          { "start": { "line": 26, "column": 4 }, "end": { "line": 28, "column": null } },
          { "start": {}, "end": {} }
        ],
        "line": 26
      },
      "4": {
        "loc": { "start": { "line": 30, "column": 4 }, "end": { "line": 32, "column": null } },
        "type": "if",
        "locations": [
          { "start": { "line": 30, "column": 4 }, "end": { "line": 32, "column": null } },
          { "start": {}, "end": {} }
        ],
        "line": 30
      },
      "5": {
        "loc": { "start": { "line": 34, "column": 4 }, "end": { "line": 36, "column": null } },
        "type": "if",
        "locations": [
          { "start": { "line": 34, "column": 4 }, "end": { "line": 36, "column": null } },
          { "start": {}, "end": {} }
        ],
        "line": 34
      },
      "6": {
        "loc": { "start": { "line": 35, "column": 13 }, "end": { "line": 35, "column": null } },
        "type": "binary-expr",
        "locations": [
          { "start": { "line": 35, "column": 13 }, "end": { "line": 35, "column": 30 } },
          { "start": { "line": 35, "column": 30 }, "end": { "line": 35, "column": null } }
        ],
        "line": 35
      },
      "7": {
        "loc": { "start": { "line": 38, "column": 4 }, "end": { "line": 40, "column": null } },
        "type": "if",
        "locations": [
          { "start": { "line": 38, "column": 4 }, "end": { "line": 40, "column": null } },
          { "start": {}, "end": {} }
        ],
        "line": 38
      },
      "8": {
        "loc": { "start": { "line": 42, "column": 11 }, "end": { "line": 42, "column": null } },
        "type": "binary-expr",
        "locations": [
          { "start": { "line": 42, "column": 11 }, "end": { "line": 42, "column": 28 } },
          { "start": { "line": 42, "column": 28 }, "end": { "line": 42, "column": null } }
        ],
        "line": 42
      },
      "9": {
        "loc": { "start": { "line": 46, "column": 4 }, "end": { "line": 46, "column": null } },
        "type": "if",
        "locations": [
          { "start": { "line": 46, "column": 4 }, "end": { "line": 46, "column": null } },
          { "start": {}, "end": {} }
        ],
        "line": 46
      },
      "10": {
        "loc": { "start": { "line": 47, "column": 4 }, "end": { "line": 47, "column": null } },
        "type": "if",
        "locations": [
          { "start": { "line": 47, "column": 4 }, "end": { "line": 47, "column": null } },
          { "start": {}, "end": {} }
        ],
        "line": 47
      },
      "11": {
        "loc": { "start": { "line": 47, "column": 8 }, "end": { "line": 47, "column": 54 } },
        "type": "binary-expr",
        "locations": [
          { "start": { "line": 47, "column": 8 }, "end": { "line": 47, "column": 32 } },
          { "start": { "line": 47, "column": 32 }, "end": { "line": 47, "column": 54 } }
        ],
        "line": 47
      },
      "12": {
        "loc": { "start": { "line": 48, "column": 4 }, "end": { "line": 48, "column": null } },
        "type": "if",
        "locations": [
          { "start": { "line": 48, "column": 4 }, "end": { "line": 48, "column": null } },
          { "start": {}, "end": {} }
        ],
        "line": 48
      },
      "13": {
        "loc": { "start": { "line": 49, "column": 4 }, "end": { "line": 49, "column": null } },
        "type": "if",
        "locations": [
          { "start": { "line": 49, "column": 4 }, "end": { "line": 49, "column": null } },
          { "start": {}, "end": {} }
        ],
        "line": 49
      },
      "14": {
        "loc": { "start": { "line": 73, "column": 9 }, "end": { "line": 82, "column": null } },
        "type": "binary-expr",
        "locations": [
          { "start": { "line": 73, "column": 9 }, "end": { "line": 73, "column": null } },
          { "start": { "line": 74, "column": 10 }, "end": { "line": 82, "column": null } }
        ],
        "line": 73
      }
    },
    "s": {
      "0": 11,
      "1": 1,
      "2": 10,
      "3": 10,
      "4": 1,
      "5": 9,
      "6": 1,
      "7": 8,
      "8": 1,
      "9": 7,
      "10": 1,
      "11": 6,
      "12": 1,
      "13": 5,
      "14": 1,
      "15": 4,
      "16": 10,
      "17": 10,
      "18": 1,
      "19": 9,
      "20": 2,
      "21": 7,
      "22": 1,
      "23": 6,
      "24": 1,
      "25": 5,
      "26": 10,
      "27": 1
    },
    "f": { "0": 11, "1": 10, "2": 10 },
    "b": {
      "0": [1, 10],
      "1": [1, 9],
      "2": [1, 8],
      "3": [1, 7],
      "4": [1, 6],
      "5": [1, 5],
      "6": [1, 0],
      "7": [1, 4],
      "8": [4, 0],
      "9": [1, 9],
      "10": [2, 7],
      "11": [9, 8],
      "12": [1, 6],
      "13": [1, 5],
      "14": [10, 2]
    },
    "meta": {
      "lastBranch": 15,
      "lastFunction": 3,
      "lastStatement": 28,
      "seen": {
        "f:14:24:14:37": 0,
        "b:15:2:15:Infinity:undefined:undefined:undefined:undefined": 0,
        "s:15:2:15:Infinity": 0,
        "s:15:14:15:Infinity": 1,
        "s:17:26:43:Infinity": 2,
        "f:17:26:17:32": 1,
        "b:18:4:20:Infinity:undefined:undefined:undefined:undefined": 1,
        "s:18:4:20:Infinity": 3,
        "s:19:6:19:Infinity": 4,
        "b:22:4:24:Infinity:undefined:undefined:undefined:undefined": 2,
        "s:22:4:24:Infinity": 5,
        "s:23:6:23:Infinity": 6,
        "b:26:4:28:Infinity:undefined:undefined:undefined:undefined": 3,
        "s:26:4:28:Infinity": 7,
        "s:27:6:27:Infinity": 8,
        "b:30:4:32:Infinity:undefined:undefined:undefined:undefined": 4,
        "s:30:4:32:Infinity": 9,
        "s:31:6:31:Infinity": 10,
        "b:34:4:36:Infinity:undefined:undefined:undefined:undefined": 5,
        "s:34:4:36:Infinity": 11,
        "s:35:6:35:Infinity": 12,
        "b:35:13:35:30:35:30:35:Infinity": 6,
        "b:38:4:40:Infinity:undefined:undefined:undefined:undefined": 7,
        "s:38:4:40:Infinity": 13,
        "s:39:6:39:Infinity": 14,
        "s:42:4:42:Infinity": 15,
        "b:42:11:42:28:42:28:42:Infinity": 8,
        "s:45:23:51:Infinity": 16,
        "f:45:23:45:29": 2,
        "b:46:4:46:Infinity:undefined:undefined:undefined:undefined": 9,
        "s:46:4:46:Infinity": 17,
        "s:46:30:46:Infinity": 18,
        "b:47:4:47:Infinity:undefined:undefined:undefined:undefined": 10,
        "s:47:4:47:Infinity": 19,
        "b:47:8:47:32:47:32:47:54": 11,
        "s:47:54:47:Infinity": 20,
        "b:48:4:48:Infinity:undefined:undefined:undefined:undefined": 12,
        "s:48:4:48:Infinity": 21,
        "s:48:30:48:Infinity": 22,
        "b:49:4:49:Infinity:undefined:undefined:undefined:undefined": 13,
        "s:49:4:49:Infinity": 23,
        "s:49:29:49:Infinity": 24,
        "s:50:4:50:Infinity": 25,
        "s:53:2:85:Infinity": 26,
        "b:73:9:73:Infinity:74:10:82:Infinity": 14,
        "s:89:0:96:Infinity": 27
      }
    }
  },
  "/Users/morten/Desktop/vsCode/guess-the-worth/frontend/src/components/StatCard.jsx": {
    "path": "/Users/morten/Desktop/vsCode/guess-the-worth/frontend/src/components/StatCard.jsx",
    "statementMap": {
      "0": { "start": { "line": 2, "column": 2 }, "end": { "line": 12, "column": null } }
    },
    "fnMap": {
      "0": {
        "name": "StatCard",
        "decl": { "start": { "line": 1, "column": 24 }, "end": { "line": 1, "column": 33 } },
        "loc": { "start": { "line": 1, "column": 66 }, "end": { "line": 14, "column": null } },
        "line": 1
      }
    },
    "branchMap": {
      "0": {
        "loc": { "start": { "line": 8, "column": 11 }, "end": { "line": 8, "column": null } },
        "type": "binary-expr",
        "locations": [
          { "start": { "line": 8, "column": 11 }, "end": { "line": 8, "column": 22 } },
          { "start": { "line": 8, "column": 22 }, "end": { "line": 8, "column": null } }
        ],
        "line": 8
      }
    },
    "s": { "0": 32 },
    "f": { "0": 32 },
    "b": { "0": [32, 32] },
    "meta": {
      "lastBranch": 1,
      "lastFunction": 1,
      "lastStatement": 1,
      "seen": { "f:1:24:1:33": 0, "s:2:2:12:Infinity": 0, "b:8:11:8:22:8:22:8:Infinity": 0 }
    }
  },
  "/Users/morten/Desktop/vsCode/guess-the-worth/frontend/src/config/env.js": {
    "path": "/Users/morten/Desktop/vsCode/guess-the-worth/frontend/src/config/env.js",
    "statementMap": {
      "0": { "start": { "line": 1, "column": 22 }, "end": { "line": 22, "column": 1 } }
    },
    "fnMap": {},
    "branchMap": {
      "0": {
        "loc": { "start": { "line": 3, "column": 16 }, "end": { "line": 3, "column": 76 } },
        "type": "binary-expr",
        "locations": [
          { "start": { "line": 3, "column": 16 }, "end": { "line": 3, "column": 49 } },
          { "start": { "line": 3, "column": 53 }, "end": { "line": 3, "column": 76 } }
        ],
        "line": 3
      },
      "1": {
        "loc": { "start": { "line": 6, "column": 16 }, "end": { "line": 6, "column": 83 } },
        "type": "binary-expr",
        "locations": [
          { "start": { "line": 6, "column": 16 }, "end": { "line": 6, "column": 49 } },
          { "start": { "line": 6, "column": 53 }, "end": { "line": 6, "column": 83 } }
        ],
        "line": 6
      },
      "2": {
        "loc": { "start": { "line": 7, "column": 19 }, "end": { "line": 7, "column": 93 } },
        "type": "binary-expr",
        "locations": [
          { "start": { "line": 7, "column": 19 }, "end": { "line": 7, "column": 55 } },
          { "start": { "line": 7, "column": 59 }, "end": { "line": 7, "column": 93 } }
        ],
        "line": 7
      },
      "3": {
        "loc": { "start": { "line": 8, "column": 18 }, "end": { "line": 8, "column": 88 } },
        "type": "binary-expr",
        "locations": [
          { "start": { "line": 8, "column": 18 }, "end": { "line": 8, "column": 53 } },
          { "start": { "line": 8, "column": 57 }, "end": { "line": 8, "column": 88 } }
        ],
        "line": 8
      },
      "4": {
        "loc": { "start": { "line": 11, "column": 14 }, "end": { "line": 11, "column": 72 } },
        "type": "binary-expr",
        "locations": [
          { "start": { "line": 11, "column": 14 }, "end": { "line": 11, "column": 45 } },
          { "start": { "line": 11, "column": 49 }, "end": { "line": 11, "column": 72 } }
        ],
        "line": 11
      },
      "5": {
        "loc": { "start": { "line": 14, "column": 26 }, "end": { "line": 14, "column": 75 } },
        "type": "binary-expr",
        "locations": [
          { "start": { "line": 14, "column": 26 }, "end": { "line": 14, "column": 69 } },
          { "start": { "line": 14, "column": 73 }, "end": { "line": 14, "column": 75 } }
        ],
        "line": 14
      },
      "6": {
        "loc": { "start": { "line": 17, "column": 14 }, "end": { "line": 17, "column": 51 } },
        "type": "binary-expr",
        "locations": [
          { "start": { "line": 17, "column": 14 }, "end": { "line": 17, "column": 45 } },
          { "start": { "line": 17, "column": 49 }, "end": { "line": 17, "column": 51 } }
        ],
        "line": 17
      }
    },
    "s": { "0": 2 },
    "f": {},
    "b": {
      "0": [2, 0],
      "1": [2, 0],
      "2": [2, 0],
      "3": [2, 0],
      "4": [2, 0],
      "5": [2, 0],
      "6": [2, 2]
    },
    "meta": {
      "lastBranch": 7,
      "lastFunction": 0,
      "lastStatement": 1,
      "seen": {
        "s:1:22:22:1": 0,
        "b:3:16:3:49:3:53:3:76": 0,
        "b:6:16:6:49:6:53:6:83": 1,
        "b:7:19:7:55:7:59:7:93": 2,
        "b:8:18:8:53:8:57:8:88": 3,
        "b:11:14:11:45:11:49:11:72": 4,
        "b:14:26:14:69:14:73:14:75": 5,
        "b:17:14:17:45:17:49:17:51": 6
      }
    }
  },
  "/Users/morten/Desktop/vsCode/guess-the-worth/frontend/src/pages/AdminDashboard.jsx": {
    "path": "/Users/morten/Desktop/vsCode/guess-the-worth/frontend/src/pages/AdminDashboard.jsx",
    "statementMap": {
      "0": { "start": { "line": 8, "column": 47 }, "end": { "line": 12, "column": null } },
      "1": { "start": { "line": 15, "column": 65 }, "end": { "line": 18, "column": null } },
      "2": { "start": { "line": 17, "column": 19 }, "end": { "line": 17, "column": null } },
      "3": { "start": { "line": 21, "column": 51 }, "end": { "line": 24, "column": null } },
      "4": { "start": { "line": 23, "column": 19 }, "end": { "line": 23, "column": null } },
      "5": { "start": { "line": 27, "column": 55 }, "end": { "line": 31, "column": null } },
      "6": { "start": { "line": 34, "column": 28 }, "end": { "line": 37, "column": null } },
      "7": { "start": { "line": 39, "column": 2 }, "end": { "line": 45, "column": null } },
      "8": { "start": { "line": 40, "column": 4 }, "end": { "line": 43, "column": null } },
      "9": { "start": { "line": 47, "column": 2 }, "end": { "line": 222, "column": null } },
      "10": { "start": { "line": 93, "column": 16 }, "end": { "line": 112, "column": null } },
      "11": { "start": { "line": 126, "column": 16 }, "end": { "line": 138, "column": null } },
      "12": { "start": { "line": 213, "column": 16 }, "end": { "line": 216, "column": null } }
    },
    "fnMap": {
      "0": {
        "name": "AdminDashboard",
        "decl": { "start": { "line": 6, "column": 24 }, "end": { "line": 6, "column": 41 } },
        "loc": { "start": { "line": 6, "column": 41 }, "end": { "line": 224, "column": null } },
        "line": 6
      },
      "1": {
        "name": "(anonymous_1)",
        "decl": { "start": { "line": 17, "column": 13 }, "end": { "line": 17, "column": 19 } },
        "loc": { "start": { "line": 17, "column": 19 }, "end": { "line": 17, "column": null } },
        "line": 17
      },
      "2": {
        "name": "(anonymous_2)",
        "decl": { "start": { "line": 23, "column": 13 }, "end": { "line": 23, "column": 19 } },
        "loc": { "start": { "line": 23, "column": 19 }, "end": { "line": 23, "column": null } },
        "line": 23
      },
      "3": {
        "name": "(anonymous_3)",
        "decl": { "start": { "line": 92, "column": 49 }, "end": { "line": 92, "column": 50 } },
        "loc": { "start": { "line": 93, "column": 16 }, "end": { "line": 112, "column": null } },
        "line": 93
      },
      "4": {
        "name": "(anonymous_4)",
        "decl": { "start": { "line": 125, "column": 63 }, "end": { "line": 125, "column": 64 } },
        "loc": { "start": { "line": 126, "column": 16 }, "end": { "line": 138, "column": null } },
        "line": 126
      },
      "5": {
        "name": "(anonymous_5)",
        "decl": { "start": { "line": 212, "column": 50 }, "end": { "line": 212, "column": 51 } },
        "loc": { "start": { "line": 213, "column": 16 }, "end": { "line": 216, "column": null } },
        "line": 213
      }
    },
    "branchMap": {
      "0": {
        "loc": { "start": { "line": 39, "column": 2 }, "end": { "line": 45, "column": null } },
        "type": "if",
        "locations": [
          { "start": { "line": 39, "column": 2 }, "end": { "line": 45, "column": null } },
          { "start": {}, "end": {} }
        ],
        "line": 39
      },
      "1": {
        "loc": { "start": { "line": 60, "column": 17 }, "end": { "line": 60, "column": null } },
        "type": "binary-expr",
        "locations": [
          { "start": { "line": 60, "column": 17 }, "end": { "line": 60, "column": 40 } },
          { "start": { "line": 60, "column": 40 }, "end": { "line": 60, "column": null } }
        ],
        "line": 60
      },
      "2": {
        "loc": { "start": { "line": 61, "column": 22 }, "end": { "line": 61, "column": 57 } },
        "type": "binary-expr",
        "locations": [
          { "start": { "line": 61, "column": 22 }, "end": { "line": 61, "column": 56 } },
          { "start": { "line": 61, "column": 56 }, "end": { "line": 61, "column": 57 } }
        ],
        "line": 61
      },
      "3": {
        "loc": { "start": { "line": 66, "column": 17 }, "end": { "line": 66, "column": null } },
        "type": "binary-expr",
        "locations": [
          { "start": { "line": 66, "column": 17 }, "end": { "line": 66, "column": 44 } },
          { "start": { "line": 66, "column": 44 }, "end": { "line": 66, "column": null } }
        ],
        "line": 66
      },
      "4": {
        "loc": { "start": { "line": 67, "column": 22 }, "end": { "line": 67, "column": 49 } },
        "type": "binary-expr",
        "locations": [
          { "start": { "line": 67, "column": 22 }, "end": { "line": 67, "column": 48 } },
          { "start": { "line": 67, "column": 48 }, "end": { "line": 67, "column": 49 } }
        ],
        "line": 67
      },
      "5": {
        "loc": { "start": { "line": 72, "column": 22 }, "end": { "line": 72, "column": 63 } },
        "type": "binary-expr",
        "locations": [
          { "start": { "line": 72, "column": 22 }, "end": { "line": 72, "column": 60 } },
          { "start": { "line": 72, "column": 60 }, "end": { "line": 72, "column": 63 } }
        ],
        "line": 72
      },
      "6": {
        "loc": { "start": { "line": 73, "column": 22 }, "end": { "line": 73, "column": 53 } },
        "type": "binary-expr",
        "locations": [
          { "start": { "line": 73, "column": 22 }, "end": { "line": 73, "column": 52 } },
          { "start": { "line": 73, "column": 52 }, "end": { "line": 73, "column": 53 } }
        ],
        "line": 73
      },
      "7": {
        "loc": { "start": { "line": 78, "column": 22 }, "end": { "line": 78, "column": 63 } },
        "type": "binary-expr",
        "locations": [
          { "start": { "line": 78, "column": 22 }, "end": { "line": 78, "column": 60 } },
          { "start": { "line": 78, "column": 60 }, "end": { "line": 78, "column": 63 } }
        ],
        "line": 78
      },
      "8": {
        "loc": { "start": { "line": 88, "column": 11 }, "end": { "line": 114, "column": null } },
        "type": "cond-expr",
        "locations": [
          { "start": { "line": 89, "column": 12 }, "end": { "line": 89, "column": null } },
          { "start": { "line": 91, "column": 12 }, "end": { "line": 114, "column": null } }
        ],
        "line": 88
      },
      "9": {
        "loc": { "start": { "line": 103, "column": 22 }, "end": { "line": 107, "column": null } },
        "type": "cond-expr",
        "locations": [
          { "start": { "line": 104, "column": 26 }, "end": { "line": 104, "column": null } },
          { "start": { "line": 105, "column": 26 }, "end": { "line": 107, "column": null } }
        ],
        "line": 103
      },
      "10": {
        "loc": { "start": { "line": 105, "column": 26 }, "end": { "line": 107, "column": null } },
        "type": "cond-expr",
        "locations": [
          { "start": { "line": 106, "column": 28 }, "end": { "line": 106, "column": null } },
          { "start": { "line": 107, "column": 28 }, "end": { "line": 107, "column": null } }
        ],
        "line": 105
      },
      "11": {
        "loc": { "start": { "line": 121, "column": 11 }, "end": { "line": 140, "column": null } },
        "type": "cond-expr",
        "locations": [
          { "start": { "line": 122, "column": 12 }, "end": { "line": 122, "column": null } },
          { "start": { "line": 124, "column": 12 }, "end": { "line": 140, "column": null } }
        ],
        "line": 121
      },
      "12": {
        "loc": { "start": { "line": 153, "column": 11 }, "end": { "line": 195, "column": null } },
        "type": "cond-expr",
        "locations": [
          { "start": { "line": 154, "column": 12 }, "end": { "line": 154, "column": null } },
          { "start": { "line": 156, "column": 12 }, "end": { "line": 195, "column": null } }
        ],
        "line": 153
      },
      "13": {
        "loc": { "start": { "line": 161, "column": 20 }, "end": { "line": 163, "column": null } },
        "type": "cond-expr",
        "locations": [
          { "start": { "line": 162, "column": 24 }, "end": { "line": 162, "column": null } },
          { "start": { "line": 163, "column": 24 }, "end": { "line": 163, "column": null } }
        ],
        "line": 161
      },
      "14": {
        "loc": { "start": { "line": 166, "column": 19 }, "end": { "line": 166, "column": null } },
        "type": "binary-expr",
        "locations": [
          { "start": { "line": 166, "column": 19 }, "end": { "line": 166, "column": 43 } },
          { "start": { "line": 166, "column": 43 }, "end": { "line": 166, "column": null } }
        ],
        "line": 166
      },
      "15": {
        "loc": { "start": { "line": 173, "column": 20 }, "end": { "line": 175, "column": null } },
        "type": "cond-expr",
        "locations": [
          { "start": { "line": 174, "column": 24 }, "end": { "line": 174, "column": null } },
          { "start": { "line": 175, "column": 24 }, "end": { "line": 175, "column": null } }
        ],
        "line": 173
      },
      "16": {
        "loc": { "start": { "line": 178, "column": 19 }, "end": { "line": 178, "column": null } },
        "type": "binary-expr",
        "locations": [
          { "start": { "line": 178, "column": 19 }, "end": { "line": 178, "column": 45 } },
          { "start": { "line": 178, "column": 45 }, "end": { "line": 178, "column": null } }
        ],
        "line": 178
      },
      "17": {
        "loc": { "start": { "line": 185, "column": 21 }, "end": { "line": 185, "column": null } },
        "type": "binary-expr",
        "locations": [
          { "start": { "line": 185, "column": 21 }, "end": { "line": 185, "column": 62 } },
          { "start": { "line": 185, "column": 62 }, "end": { "line": 185, "column": null } }
        ],
        "line": 185
      },
      "18": {
        "loc": { "start": { "line": 191, "column": 21 }, "end": { "line": 191, "column": null } },
        "type": "binary-expr",
        "locations": [
          { "start": { "line": 191, "column": 21 }, "end": { "line": 191, "column": 65 } },
          { "start": { "line": 191, "column": 65 }, "end": { "line": 191, "column": null } }
        ],
        "line": 191
      },
      "19": {
        "loc": { "start": { "line": 205, "column": 11 }, "end": { "line": 218, "column": null } },
        "type": "cond-expr",
        "locations": [
          { "start": { "line": 206, "column": 12 }, "end": { "line": 209, "column": null } },
          { "start": { "line": 211, "column": 12 }, "end": { "line": 218, "column": null } }
        ],
        "line": 205
      },
      "20": {
        "loc": { "start": { "line": 208, "column": 43 }, "end": { "line": 208, "column": 80 } },
        "type": "binary-expr",
        "locations": [
          { "start": { "line": 208, "column": 43 }, "end": { "line": 208, "column": 67 } },
          { "start": { "line": 208, "column": 67 }, "end": { "line": 208, "column": 80 } }
        ],
        "line": 208
      }
    },
    "s": {
      "0": 17,
      "1": 17,
      "2": 9,
      "3": 17,
      "4": 9,
      "5": 17,
      "6": 17,
      "7": 17,
      "8": 9,
      "9": 8,
      "10": 3,
      "11": 8,
      "12": 2
    },
    "f": { "0": 17, "1": 9, "2": 9, "3": 3, "4": 8, "5": 2 },
    "b": {
      "0": [9, 8],
      "1": [8, 1],
      "2": [17, 1],
      "3": [17, 1],
      "4": [17, 1],
      "5": [17, 1],
      "6": [17, 1],
      "7": [17, 1],
      "8": [0, 8],
      "9": [1, 2],
      "10": [1, 1],
      "11": [0, 8],
      "12": [0, 8],
      "13": [7, 1],
      "14": [8, 0],
      "15": [8, 0],
      "16": [8, 0],
      "17": [8, 1],
      "18": [8, 1],
      "19": [7, 1],
      "20": [7, 7]
    },
    "meta": {
      "lastBranch": 21,
      "lastFunction": 6,
      "lastStatement": 13,
      "seen": {
        "f:6:24:6:41": 0,
        "s:8:47:12:Infinity": 0,
        "s:15:65:18:Infinity": 1,
        "f:17:13:17:19": 1,
        "s:17:19:17:Infinity": 2,
        "s:21:51:24:Infinity": 3,
        "f:23:13:23:19": 2,
        "s:23:19:23:Infinity": 4,
        "s:27:55:31:Infinity": 5,
        "s:34:28:37:Infinity": 6,
        "b:39:2:45:Infinity:undefined:undefined:undefined:undefined": 0,
        "s:39:2:45:Infinity": 7,
        "s:40:4:43:Infinity": 8,
        "s:47:2:222:Infinity": 9,
        "b:60:17:60:40:60:40:60:Infinity": 1,
        "b:61:22:61:56:61:56:61:57": 2,
        "b:66:17:66:44:66:44:66:Infinity": 3,
        "b:67:22:67:48:67:48:67:49": 4,
        "b:72:22:72:60:72:60:72:63": 5,
        "b:73:22:73:52:73:52:73:53": 6,
        "b:78:22:78:60:78:60:78:63": 7,
        "b:89:12:89:Infinity:91:12:114:Infinity": 8,
        "f:92:49:92:50": 3,
        "s:93:16:112:Infinity": 10,
        "b:104:26:104:Infinity:105:26:107:Infinity": 9,
        "b:106:28:106:Infinity:107:28:107:Infinity": 10,
        "b:122:12:122:Infinity:124:12:140:Infinity": 11,
        "f:125:63:125:64": 4,
        "s:126:16:138:Infinity": 11,
        "b:154:12:154:Infinity:156:12:195:Infinity": 12,
        "b:162:24:162:Infinity:163:24:163:Infinity": 13,
        "b:166:19:166:43:166:43:166:Infinity": 14,
        "b:174:24:174:Infinity:175:24:175:Infinity": 15,
        "b:178:19:178:45:178:45:178:Infinity": 16,
        "b:185:21:185:62:185:62:185:Infinity": 17,
        "b:191:21:191:65:191:65:191:Infinity": 18,
        "b:206:12:209:Infinity:211:12:218:Infinity": 19,
        "b:208:43:208:67:208:67:208:80": 20,
        "f:212:50:212:51": 5,
        "s:213:16:216:Infinity": 12
      }
    }
  },
  "/Users/morten/Desktop/vsCode/guess-the-worth/frontend/src/services/api.js": {
    "path": "/Users/morten/Desktop/vsCode/guess-the-worth/frontend/src/services/api.js",
    "statementMap": {
      "0": { "start": { "line": 4, "column": 24 }, "end": { "line": 121, "column": 1 } },
      "1": { "start": { "line": 5, "column": 18 }, "end": { "line": 5, "column": 46 } },
      "2": { "start": { "line": 7, "column": 18 }, "end": { "line": 90, "column": 3 } },
      "3": { "start": { "line": 8, "column": 18 }, "end": { "line": 8, "column": 54 } },
      "4": { "start": { "line": 10, "column": 27 }, "end": { "line": 13, "column": 5 } },
      "5": { "start": { "line": 15, "column": 16 }, "end": { "line": 15, "column": 39 } },
      "6": { "start": { "line": 16, "column": 25 }, "end": { "line": 22, "column": 5 } },
      "7": { "start": { "line": 24, "column": 4 }, "end": { "line": 89, "column": null } },
      "8": { "start": { "line": 25, "column": 23 }, "end": { "line": 25, "column": 53 } },
      "9": { "start": { "line": 28, "column": 25 }, "end": { "line": 28, "column": 29 } },
      "10": { "start": { "line": 29, "column": 6 }, "end": { "line": 34, "column": null } },
      "11": { "start": { "line": 30, "column": 8 }, "end": { "line": 30, "column": null } },
      "12": { "start": { "line": 33, "column": 8 }, "end": { "line": 33, "column": null } },
      "13": { "start": { "line": 36, "column": 6 }, "end": { "line": 69, "column": null } },
      "14": { "start": { "line": 38, "column": 22 }, "end": { "line": 40, "column": 9 } },
      "15": { "start": { "line": 41, "column": 8 }, "end": { "line": 41, "column": null } },
      "16": { "start": { "line": 42, "column": 8 }, "end": { "line": 42, "column": null } },
      "17": { "start": { "line": 45, "column": 8 }, "end": { "line": 49, "column": null } },
      "18": { "start": { "line": 46, "column": 10 }, "end": { "line": 46, "column": null } },
      "19": { "start": { "line": 47, "column": 10 }, "end": { "line": 47, "column": null } },
      "20": { "start": { "line": 51, "column": 8 }, "end": { "line": 54, "column": null } },
      "21": { "start": { "line": 52, "column": 10 }, "end": { "line": 53, "column": null } },
      "22": { "start": { "line": 56, "column": 8 }, "end": { "line": 58, "column": null } },
      "23": { "start": { "line": 57, "column": 10 }, "end": { "line": 57, "column": null } },
      "24": { "start": { "line": 60, "column": 8 }, "end": { "line": 62, "column": null } },
      "25": { "start": { "line": 61, "column": 10 }, "end": { "line": 61, "column": null } },
      "26": { "start": { "line": 64, "column": 8 }, "end": { "line": 66, "column": null } },
      "27": { "start": { "line": 65, "column": 10 }, "end": { "line": 65, "column": null } },
      "28": { "start": { "line": 68, "column": 8 }, "end": { "line": 68, "column": null } },
      "29": { "start": { "line": 71, "column": 6 }, "end": { "line": 71, "column": null } },
      "30": { "start": { "line": 74, "column": 6 }, "end": { "line": 76, "column": null } },
      "31": { "start": { "line": 75, "column": 8 }, "end": { "line": 75, "column": null } },
      "32": { "start": { "line": 79, "column": 6 }, "end": { "line": 85, "column": null } },
      "33": { "start": { "line": 80, "column": 29 }, "end": { "line": 82, "column": 9 } },
      "34": { "start": { "line": 83, "column": 8 }, "end": { "line": 83, "column": null } },
      "35": { "start": { "line": 84, "column": 8 }, "end": { "line": 84, "column": null } },
      "36": { "start": { "line": 88, "column": 6 }, "end": { "line": 88, "column": null } },
      "37": { "start": { "line": 92, "column": 2 }, "end": { "line": 120, "column": null } },
      "38": { "start": { "line": 94, "column": 41 }, "end": { "line": 94, "column": 48 } },
      "39": { "start": { "line": 95, "column": 18 }, "end": { "line": 95, "column": 82 } },
      "40": { "start": { "line": 96, "column": 6 }, "end": { "line": 96, "column": null } },
      "41": { "start": { "line": 99, "column": 25 }, "end": { "line": 99, "column": 49 } },
      "42": { "start": { "line": 100, "column": 6 }, "end": { "line": 107, "column": null } },
      "43": { "start": { "line": 110, "column": 6 }, "end": { "line": 114, "column": 8 } },
      "44": { "start": { "line": 116, "column": 6 }, "end": { "line": 119, "column": 8 } },
      "45": { "start": { "line": 123, "column": 12 }, "end": { "line": 123, "column": 29 } },
      "46": { "start": { "line": 126, "column": 30 }, "end": { "line": 139, "column": 1 } },
      "47": { "start": { "line": 127, "column": 27 }, "end": { "line": 127, "column": 60 } },
      "48": { "start": { "line": 128, "column": 19 }, "end": { "line": 128, "column": 45 } },
      "49": { "start": { "line": 129, "column": 21 }, "end": { "line": 129, "column": 68 } },
      "50": { "start": { "line": 130, "column": 23 }, "end": { "line": 130, "column": 55 } },
      "51": { "start": { "line": 131, "column": 20 }, "end": { "line": 131, "column": 48 } },
      "52": { "start": { "line": 133, "column": 21 }, "end": { "line": 133, "column": 35 } },
      "53": { "start": { "line": 134, "column": 4 }, "end": { "line": 134, "column": null } },
      "54": { "start": { "line": 135, "column": 4 }, "end": { "line": 137, "column": null } },
      "55": { "start": { "line": 141, "column": 26 }, "end": { "line": 145, "column": 1 } },
      "56": { "start": { "line": 142, "column": 31 }, "end": { "line": 142, "column": 68 } },
      "57": { "start": { "line": 143, "column": 19 }, "end": { "line": 143, "column": 43 } },
      "58": { "start": { "line": 144, "column": 20 }, "end": { "line": 144, "column": 44 } },
      "59": { "start": { "line": 147, "column": 27 }, "end": { "line": 153, "column": 1 } },
      "60": { "start": { "line": 148, "column": 27 }, "end": { "line": 148, "column": 57 } },
      "61": { "start": { "line": 149, "column": 19 }, "end": { "line": 149, "column": 42 } },
      "62": { "start": { "line": 150, "column": 24 }, "end": { "line": 150, "column": 43 } },
      "63": { "start": { "line": 151, "column": 22 }, "end": { "line": 151, "column": 54 } },
      "64": { "start": { "line": 152, "column": 27 }, "end": { "line": 152, "column": 53 } },
      "65": { "start": { "line": 155, "column": 28 }, "end": { "line": 194, "column": 1 } },
      "66": { "start": { "line": 158, "column": 4 }, "end": { "line": 188, "column": null } },
      "67": { "start": { "line": 159, "column": 38 }, "end": { "line": 162, "column": 8 } },
      "68": { "start": { "line": 164, "column": 23 }, "end": { "line": 164, "column": 39 } },
      "69": { "start": { "line": 165, "column": 20 }, "end": { "line": 165, "column": 33 } },
      "70": { "start": { "line": 167, "column": 24 }, "end": { "line": 170, "column": 7 } },
      "71": { "start": { "line": 168, "column": 26 }, "end": { "line": 168, "column": 66 } },
      "72": { "start": { "line": 171, "column": 29 }, "end": { "line": 171, "column": 81 } },
      "73": { "start": { "line": 171, "column": 52 }, "end": { "line": 171, "column": 73 } },
      "74": { "start": { "line": 172, "column": 22 }, "end": { "line": 172, "column": 91 } },
      "75": { "start": { "line": 172, "column": 42 }, "end": { "line": 172, "column": 83 } },
      "76": { "start": { "line": 174, "column": 6 }, "end": { "line": 179, "column": null } },
      "77": { "start": { "line": 182, "column": 6 }, "end": { "line": 187, "column": null } },
      "78": { "start": { "line": 191, "column": 22 }, "end": { "line": 191, "column": 44 } },
      "79": { "start": { "line": 193, "column": 24 }, "end": { "line": 193, "column": 48 } }
    },
    "fnMap": {
      "0": {
        "name": "(anonymous_0)",
        "decl": { "start": { "line": 4, "column": 24 }, "end": { "line": 4, "column": 25 } },
        "loc": { "start": { "line": 4, "column": 30 }, "end": { "line": 121, "column": 1 } },
        "line": 4
      },
      "1": {
        "name": "(anonymous_1)",
        "decl": { "start": { "line": 7, "column": 18 }, "end": { "line": 7, "column": 23 } },
        "loc": { "start": { "line": 7, "column": 52 }, "end": { "line": 90, "column": 3 } },
        "line": 7
      },
      "2": {
        "name": "(anonymous_2)",
        "decl": { "start": { "line": 93, "column": 9 }, "end": { "line": 93, "column": 10 } },
        "loc": { "start": { "line": 93, "column": 37 }, "end": { "line": 97, "column": 5 } },
        "line": 93
      },
      "3": {
        "name": "(anonymous_3)",
        "decl": { "start": { "line": 98, "column": 10 }, "end": { "line": 98, "column": 11 } },
        "loc": { "start": { "line": 98, "column": 44 }, "end": { "line": 108, "column": 5 } },
        "line": 98
      },
      "4": {
        "name": "(anonymous_4)",
        "decl": { "start": { "line": 109, "column": 9 }, "end": { "line": 109, "column": 10 } },
        "loc": { "start": { "line": 110, "column": 6 }, "end": { "line": 114, "column": 8 } },
        "line": 110
      },
      "5": {
        "name": "(anonymous_5)",
        "decl": { "start": { "line": 115, "column": 12 }, "end": { "line": 115, "column": 13 } },
        "loc": { "start": { "line": 116, "column": 6 }, "end": { "line": 119, "column": 8 } },
        "line": 116
      },
      "6": {
        "name": "(anonymous_6)",
        "decl": { "start": { "line": 127, "column": 10 }, "end": { "line": 127, "column": 11 } },
        "loc": { "start": { "line": 127, "column": 27 }, "end": { "line": 127, "column": 60 } },
        "line": 127
      },
      "7": {
        "name": "(anonymous_7)",
        "decl": { "start": { "line": 128, "column": 11 }, "end": { "line": 128, "column": 12 } },
        "loc": { "start": { "line": 128, "column": 19 }, "end": { "line": 128, "column": 45 } },
        "line": 128
      },
      "8": {
        "name": "(anonymous_8)",
        "decl": { "start": { "line": 129, "column": 15 }, "end": { "line": 129, "column": 16 } },
        "loc": { "start": { "line": 129, "column": 21 }, "end": { "line": 129, "column": 68 } },
        "line": 129
      },
      "9": {
        "name": "(anonymous_9)",
        "decl": { "start": { "line": 130, "column": 17 }, "end": { "line": 130, "column": 18 } },
        "loc": { "start": { "line": 130, "column": 23 }, "end": { "line": 130, "column": 55 } },
        "line": 130
      },
      "10": {
        "name": "(anonymous_10)",
        "decl": { "start": { "line": 131, "column": 10 }, "end": { "line": 131, "column": 11 } },
        "loc": { "start": { "line": 131, "column": 20 }, "end": { "line": 131, "column": 48 } },
        "line": 131
      },
      "11": {
        "name": "(anonymous_11)",
        "decl": { "start": { "line": 132, "column": 15 }, "end": { "line": 132, "column": 16 } },
        "loc": { "start": { "line": 132, "column": 29 }, "end": { "line": 138, "column": 3 } },
        "line": 132
      },
      "12": {
        "name": "(anonymous_12)",
        "decl": { "start": { "line": 142, "column": 16 }, "end": { "line": 142, "column": 17 } },
        "loc": { "start": { "line": 142, "column": 31 }, "end": { "line": 142, "column": 68 } },
        "line": 142
      },
      "13": {
        "name": "(anonymous_13)",
        "decl": { "start": { "line": 143, "column": 13 }, "end": { "line": 143, "column": 14 } },
        "loc": { "start": { "line": 143, "column": 19 }, "end": { "line": 143, "column": 43 } },
        "line": 143
      },
      "14": {
        "name": "(anonymous_14)",
        "decl": { "start": { "line": 144, "column": 10 }, "end": { "line": 144, "column": 11 } },
        "loc": { "start": { "line": 144, "column": 20 }, "end": { "line": 144, "column": 44 } },
        "line": 144
      },
      "15": {
        "name": "(anonymous_15)",
        "decl": { "start": { "line": 148, "column": 10 }, "end": { "line": 148, "column": 11 } },
        "loc": { "start": { "line": 148, "column": 27 }, "end": { "line": 148, "column": 57 } },
        "line": 148
      },
      "16": {
        "name": "(anonymous_16)",
        "decl": { "start": { "line": 149, "column": 11 }, "end": { "line": 149, "column": 12 } },
        "loc": { "start": { "line": 149, "column": 19 }, "end": { "line": 149, "column": 42 } },
        "line": 149
      },
      "17": {
        "name": "(anonymous_17)",
        "decl": { "start": { "line": 150, "column": 18 }, "end": { "line": 150, "column": 19 } },
        "loc": { "start": { "line": 150, "column": 24 }, "end": { "line": 150, "column": 43 } },
        "line": 150
      },
      "18": {
        "name": "(anonymous_18)",
        "decl": { "start": { "line": 151, "column": 12 }, "end": { "line": 151, "column": 13 } },
        "loc": { "start": { "line": 151, "column": 22 }, "end": { "line": 151, "column": 54 } },
        "line": 151
      },
      "19": {
        "name": "(anonymous_19)",
        "decl": { "start": { "line": 152, "column": 17 }, "end": { "line": 152, "column": 18 } },
        "loc": { "start": { "line": 152, "column": 27 }, "end": { "line": 152, "column": 53 } },
        "line": 152
      },
      "20": {
        "name": "(anonymous_20)",
        "decl": { "start": { "line": 156, "column": 20 }, "end": { "line": 156, "column": 25 } },
        "loc": { "start": { "line": 156, "column": 32 }, "end": { "line": 189, "column": 3 } },
        "line": 156
      },
      "21": {
        "name": "(anonymous_21)",
        "decl": { "start": { "line": 168, "column": 8 }, "end": { "line": 168, "column": 9 } },
        "loc": { "start": { "line": 168, "column": 26 }, "end": { "line": 168, "column": 66 } },
        "line": 168
      },
      "22": {
        "name": "(anonymous_22)",
        "decl": { "start": { "line": 171, "column": 45 }, "end": { "line": 171, "column": 46 } },
        "loc": { "start": { "line": 171, "column": 52 }, "end": { "line": 171, "column": 73 } },
        "line": 171
      },
      "23": {
        "name": "(anonymous_23)",
        "decl": { "start": { "line": 172, "column": 35 }, "end": { "line": 172, "column": 36 } },
        "loc": { "start": { "line": 172, "column": 42 }, "end": { "line": 172, "column": 83 } },
        "line": 172
      },
      "24": {
        "name": "(anonymous_24)",
        "decl": { "start": { "line": 191, "column": 16 }, "end": { "line": 191, "column": 17 } },
        "loc": { "start": { "line": 191, "column": 22 }, "end": { "line": 191, "column": 44 } },
        "line": 191
      },
      "25": {
        "name": "(anonymous_25)",
        "decl": { "start": { "line": 193, "column": 18 }, "end": { "line": 193, "column": 19 } },
        "loc": { "start": { "line": 193, "column": 24 }, "end": { "line": 193, "column": 48 } },
        "line": 193
      }
    },
    "branchMap": {
      "0": {
        "loc": { "start": { "line": 7, "column": 35 }, "end": { "line": 7, "column": 47 } },
        "type": "default-arg",
        "locations": [{ "start": { "line": 7, "column": 45 }, "end": { "line": 7, "column": 47 } }],
        "line": 7
      },
      "1": {
        "loc": { "start": { "line": 12, "column": 10 }, "end": { "line": 12, "column": 55 } },
        "type": "binary-expr",
        "locations": [
          { "start": { "line": 12, "column": 10 }, "end": { "line": 12, "column": 15 } },
          { "start": { "line": 12, "column": 19 }, "end": { "line": 12, "column": 55 } }
        ],
        "line": 12
      },
      "2": {
        "loc": { "start": { "line": 36, "column": 6 }, "end": { "line": 69, "column": null } },
        "type": "if",
        "locations": [
          { "start": { "line": 36, "column": 6 }, "end": { "line": 69, "column": null } },
          { "start": {}, "end": {} }
        ],
        "line": 36
      },
      "3": {
        "loc": { "start": { "line": 39, "column": 10 }, "end": { "line": 39, "column": null } },
        "type": "binary-expr",
        "locations": [
          { "start": { "line": 39, "column": 10 }, "end": { "line": 39, "column": 30 } },
          { "start": { "line": 39, "column": 34 }, "end": { "line": 39, "column": null } }
        ],
        "line": 39
      },
      "4": {
        "loc": { "start": { "line": 45, "column": 8 }, "end": { "line": 49, "column": null } },
        "type": "if",
        "locations": [
          { "start": { "line": 45, "column": 8 }, "end": { "line": 49, "column": null } },
          { "start": {}, "end": {} }
        ],
        "line": 45
      },
      "5": {
        "loc": { "start": { "line": 51, "column": 8 }, "end": { "line": 54, "column": null } },
        "type": "if",
        "locations": [
          { "start": { "line": 51, "column": 8 }, "end": { "line": 54, "column": null } },
          { "start": {}, "end": {} }
        ],
        "line": 51
      },
      "6": {
        "loc": { "start": { "line": 53, "column": 12 }, "end": { "line": 53, "column": 87 } },
        "type": "binary-expr",
        "locations": [
          { "start": { "line": 53, "column": 12 }, "end": { "line": 53, "column": 32 } },
          { "start": { "line": 53, "column": 36 }, "end": { "line": 53, "column": 87 } }
        ],
        "line": 53
      },
      "7": {
        "loc": { "start": { "line": 56, "column": 8 }, "end": { "line": 58, "column": null } },
        "type": "if",
        "locations": [
          { "start": { "line": 56, "column": 8 }, "end": { "line": 58, "column": null } },
          { "start": {}, "end": {} }
        ],
        "line": 56
      },
      "8": {
        "loc": { "start": { "line": 57, "column": 26 }, "end": { "line": 57, "column": 88 } },
        "type": "binary-expr",
        "locations": [
          { "start": { "line": 57, "column": 26 }, "end": { "line": 57, "column": 46 } },
          { "start": { "line": 57, "column": 50 }, "end": { "line": 57, "column": 88 } }
        ],
        "line": 57
      },
      "9": {
        "loc": { "start": { "line": 60, "column": 8 }, "end": { "line": 62, "column": null } },
        "type": "if",
        "locations": [
          { "start": { "line": 60, "column": 8 }, "end": { "line": 62, "column": null } },
          { "start": {}, "end": {} }
        ],
        "line": 60
      },
      "10": {
        "loc": { "start": { "line": 61, "column": 26 }, "end": { "line": 61, "column": 93 } },
        "type": "binary-expr",
        "locations": [
          { "start": { "line": 61, "column": 26 }, "end": { "line": 61, "column": 46 } },
          { "start": { "line": 61, "column": 50 }, "end": { "line": 61, "column": 93 } }
        ],
        "line": 61
      },
      "11": {
        "loc": { "start": { "line": 64, "column": 8 }, "end": { "line": 66, "column": null } },
        "type": "if",
        "locations": [
          { "start": { "line": 64, "column": 8 }, "end": { "line": 66, "column": null } },
          { "start": {}, "end": {} }
        ],
        "line": 64
      },
      "12": {
        "loc": { "start": { "line": 74, "column": 6 }, "end": { "line": 76, "column": null } },
        "type": "if",
        "locations": [
          { "start": { "line": 74, "column": 6 }, "end": { "line": 76, "column": null } },
          { "start": {}, "end": {} }
        ],
        "line": 74
      },
      "13": {
        "loc": { "start": { "line": 79, "column": 6 }, "end": { "line": 85, "column": null } },
        "type": "if",
        "locations": [
          { "start": { "line": 79, "column": 6 }, "end": { "line": 85, "column": null } },
          { "start": {}, "end": {} }
        ],
        "line": 79
      },
      "14": {
        "loc": { "start": { "line": 79, "column": 10 }, "end": { "line": 79, "column": 75 } },
        "type": "binary-expr",
        "locations": [
          { "start": { "line": 79, "column": 10 }, "end": { "line": 79, "column": 36 } },
          { "start": { "line": 79, "column": 40 }, "end": { "line": 79, "column": 75 } }
        ],
        "line": 79
      },
      "15": {
        "loc": { "start": { "line": 93, "column": 20 }, "end": { "line": 93, "column": 32 } },
        "type": "default-arg",
        "locations": [
          { "start": { "line": 93, "column": 30 }, "end": { "line": 93, "column": 32 } }
        ],
        "line": 93
      },
      "16": {
        "loc": { "start": { "line": 95, "column": 18 }, "end": { "line": 95, "column": 82 } },
        "type": "cond-expr",
        "locations": [
          { "start": { "line": 95, "column": 27 }, "end": { "line": 95, "column": 71 } },
          { "start": { "line": 95, "column": 74 }, "end": { "line": 95, "column": 82 } }
        ],
        "line": 95
      },
      "17": {
        "loc": { "start": { "line": 98, "column": 27 }, "end": { "line": 98, "column": 39 } },
        "type": "default-arg",
        "locations": [
          { "start": { "line": 98, "column": 37 }, "end": { "line": 98, "column": 39 } }
        ],
        "line": 98
      },
      "18": {
        "loc": { "start": { "line": 102, "column": 14 }, "end": { "line": 102, "column": 54 } },
        "type": "cond-expr",
        "locations": [
          { "start": { "line": 102, "column": 27 }, "end": { "line": 102, "column": 31 } },
          { "start": { "line": 102, "column": 34 }, "end": { "line": 102, "column": 54 } }
        ],
        "line": 102
      },
      "19": {
        "loc": { "start": { "line": 104, "column": 17 }, "end": { "line": 106, "column": 70 } },
        "type": "cond-expr",
        "locations": [
          { "start": { "line": 105, "column": 12 }, "end": { "line": 105, "column": null } },
          { "start": { "line": 106, "column": 12 }, "end": { "line": 106, "column": 70 } }
        ],
        "line": 104
      },
      "20": {
        "loc": { "start": { "line": 109, "column": 26 }, "end": { "line": 109, "column": 38 } },
        "type": "default-arg",
        "locations": [
          { "start": { "line": 109, "column": 36 }, "end": { "line": 109, "column": 38 } }
        ],
        "line": 109
      },
      "21": {
        "loc": { "start": { "line": 115, "column": 23 }, "end": { "line": 115, "column": 35 } },
        "type": "default-arg",
        "locations": [
          { "start": { "line": 115, "column": 33 }, "end": { "line": 115, "column": 35 } }
        ],
        "line": 115
      },
      "22": {
        "loc": { "start": { "line": 127, "column": 11 }, "end": { "line": 127, "column": 22 } },
        "type": "default-arg",
        "locations": [
          { "start": { "line": 127, "column": 20 }, "end": { "line": 127, "column": 22 } }
        ],
        "line": 127
      },
      "23": {
        "loc": { "start": { "line": 148, "column": 11 }, "end": { "line": 148, "column": 22 } },
        "type": "default-arg",
        "locations": [
          { "start": { "line": 148, "column": 20 }, "end": { "line": 148, "column": 22 } }
        ],
        "line": 148
      },
      "24": {
        "loc": { "start": { "line": 168, "column": 33 }, "end": { "line": 168, "column": 65 } },
        "type": "binary-expr",
        "locations": [
          { "start": { "line": 168, "column": 33 }, "end": { "line": 168, "column": 60 } },
          { "start": { "line": 168, "column": 64 }, "end": { "line": 168, "column": 65 } }
        ],
        "line": 168
      },
      "25": {
        "loc": { "start": { "line": 172, "column": 42 }, "end": { "line": 172, "column": 83 } },
        "type": "binary-expr",
        "locations": [
          { "start": { "line": 172, "column": 42 }, "end": { "line": 172, "column": 61 } },
          { "start": { "line": 172, "column": 65 }, "end": { "line": 172, "column": 83 } }
        ],
        "line": 172
      }
    },
    "s": {
      "0": 2,
      "1": 2,
      "2": 2,
      "3": 26,
      "4": 26,
      "5": 26,
      "6": 26,
      "7": 26,
      "8": 26,
      "9": 23,
      "10": 23,
      "11": 23,
      "12": 2,
      "13": 23,
      "14": 5,
      "15": 5,
      "16": 5,
      "17": 5,
      "18": 1,
      "19": 1,
      "20": 5,
      "21": 1,
      "22": 5,
      "23": 1,
      "24": 5,
      "25": 1,
      "26": 5,
      "27": 1,
      "28": 5,
      "29": 17,
      "30": 9,
      "31": 5,
      "32": 4,
      "33": 1,
      "34": 1,
      "35": 1,
      "36": 3,
      "37": 2,
      "38": 21,
      "39": 21,
      "40": 21,
      "41": 4,
      "42": 4,
      "43": 1,
      "44": 0,
      "45": 2,
      "46": 2,
      "47": 11,
      "48": 1,
      "49": 1,
      "50": 0,
      "51": 1,
      "52": 1,
      "53": 1,
      "54": 1,
      "55": 2,
      "56": 1,
      "57": 0,
      "58": 1,
      "59": 2,
      "60": 1,
      "61": 1,
      "62": 1,
      "63": 1,
      "64": 1,
      "65": 2,
      "66": 2,
      "67": 2,
      "68": 1,
      "69": 1,
      "70": 1,
      "71": 3,
      "72": 1,
      "73": 3,
      "74": 1,
      "75": 3,
      "76": 1,
      "77": 1,
      "78": 0,
      "79": 0
    },
    "f": {
      "0": 2,
      "1": 26,
      "2": 21,
      "3": 4,
      "4": 1,
      "5": 0,
      "6": 11,
      "7": 1,
      "8": 1,
      "9": 0,
      "10": 1,
      "11": 1,
      "12": 1,
      "13": 0,
      "14": 1,
      "15": 1,
      "16": 1,
      "17": 1,
      "18": 1,
      "19": 1,
      "20": 2,
      "21": 3,
      "22": 3,
      "23": 3,
      "24": 0,
      "25": 0
    },
    "b": {
      "0": [26],
      "1": [26, 1],
      "2": [5, 18],
      "3": [5, 2],
      "4": [1, 4],
      "5": [1, 4],
      "6": [1, 0],
      "7": [1, 4],
      "8": [1, 0],
      "9": [1, 4],
      "10": [1, 0],
      "11": [1, 4],
      "12": [5, 4],
      "13": [1, 3],
      "14": [4, 2],
      "15": [21],
      "16": [17, 4],
      "17": [4],
      "18": [1, 3],
      "19": [1, 3],
      "20": [1],
      "21": [0],
      "22": [11],
      "23": [1],
      "24": [3, 0],
      "25": [3, 2]
    },
    "meta": {
      "lastBranch": 26,
      "lastFunction": 26,
      "lastStatement": 80,
      "seen": {
        "s:4:24:121:1": 0,
        "f:4:24:4:25": 0,
        "s:5:18:5:46": 1,
        "s:7:18:90:3": 2,
        "f:7:18:7:23": 1,
        "b:7:45:7:47": 0,
        "s:8:18:8:54": 3,
        "s:10:27:13:5": 4,
        "b:12:10:12:15:12:19:12:55": 1,
        "s:15:16:15:39": 5,
        "s:16:25:22:5": 6,
        "s:24:4:89:Infinity": 7,
        "s:25:23:25:53": 8,
        "s:28:25:28:29": 9,
        "s:29:6:34:Infinity": 10,
        "s:30:8:30:Infinity": 11,
        "s:33:8:33:Infinity": 12,
        "b:36:6:69:Infinity:undefined:undefined:undefined:undefined": 2,
        "s:36:6:69:Infinity": 13,
        "s:38:22:40:9": 14,
        "b:39:10:39:30:39:34:39:Infinity": 3,
        "s:41:8:41:Infinity": 15,
        "s:42:8:42:Infinity": 16,
        "b:45:8:49:Infinity:undefined:undefined:undefined:undefined": 4,
        "s:45:8:49:Infinity": 17,
        "s:46:10:46:Infinity": 18,
        "s:47:10:47:Infinity": 19,
        "b:51:8:54:Infinity:undefined:undefined:undefined:undefined": 5,
        "s:51:8:54:Infinity": 20,
        "s:52:10:53:Infinity": 21,
        "b:53:12:53:32:53:36:53:87": 6,
        "b:56:8:58:Infinity:undefined:undefined:undefined:undefined": 7,
        "s:56:8:58:Infinity": 22,
        "s:57:10:57:Infinity": 23,
        "b:57:26:57:46:57:50:57:88": 8,
        "b:60:8:62:Infinity:undefined:undefined:undefined:undefined": 9,
        "s:60:8:62:Infinity": 24,
        "s:61:10:61:Infinity": 25,
        "b:61:26:61:46:61:50:61:93": 10,
        "b:64:8:66:Infinity:undefined:undefined:undefined:undefined": 11,
        "s:64:8:66:Infinity": 26,
        "s:65:10:65:Infinity": 27,
        "s:68:8:68:Infinity": 28,
        "s:71:6:71:Infinity": 29,
        "b:74:6:76:Infinity:undefined:undefined:undefined:undefined": 12,
        "s:74:6:76:Infinity": 30,
        "s:75:8:75:Infinity": 31,
        "b:79:6:85:Infinity:undefined:undefined:undefined:undefined": 13,
        "s:79:6:85:Infinity": 32,
        "b:79:10:79:36:79:40:79:75": 14,
        "s:80:29:82:9": 33,
        "s:83:8:83:Infinity": 34,
        "s:84:8:84:Infinity": 35,
        "s:88:6:88:Infinity": 36,
        "s:92:2:120:Infinity": 37,
        "f:93:9:93:10": 2,
        "b:93:30:93:32": 15,
        "s:94:41:94:48": 38,
        "s:95:18:95:82": 39,
        "b:95:27:95:71:95:74:95:82": 16,
        "s:96:6:96:Infinity": 40,
        "f:98:10:98:11": 3,
        "b:98:37:98:39": 17,
        "s:99:25:99:49": 41,
        "s:100:6:107:Infinity": 42,
        "b:102:27:102:31:102:34:102:54": 18,
        "b:105:12:105:Infinity:106:12:106:70": 19,
        "f:109:9:109:10": 4,
        "s:110:6:114:8": 43,
        "b:109:36:109:38": 20,
        "f:115:12:115:13": 5,
        "s:116:6:119:8": 44,
        "b:115:33:115:35": 21,
        "s:123:12:123:29": 45,
        "s:126:30:139:1": 46,
        "f:127:10:127:11": 6,
        "s:127:27:127:60": 47,
        "b:127:20:127:22": 22,
        "f:128:11:128:12": 7,
        "s:128:19:128:45": 48,
        "f:129:15:129:16": 8,
        "s:129:21:129:68": 49,
        "f:130:17:130:18": 9,
        "s:130:23:130:55": 50,
        "f:131:10:131:11": 10,
        "s:131:20:131:48": 51,
        "f:132:15:132:16": 11,
        "s:133:21:133:35": 52,
        "s:134:4:134:Infinity": 53,
        "s:135:4:137:Infinity": 54,
        "s:141:26:145:1": 55,
        "f:142:16:142:17": 12,
        "s:142:31:142:68": 56,
        "f:143:13:143:14": 13,
        "s:143:19:143:43": 57,
        "f:144:10:144:11": 14,
        "s:144:20:144:44": 58,
        "s:147:27:153:1": 59,
        "f:148:10:148:11": 15,
        "s:148:27:148:57": 60,
        "b:148:20:148:22": 23,
        "f:149:11:149:12": 16,
        "s:149:19:149:42": 61,
        "f:150:18:150:19": 17,
        "s:150:24:150:43": 62,
        "f:151:12:151:13": 18,
        "s:151:22:151:54": 63,
        "f:152:17:152:18": 19,
        "s:152:27:152:53": 64,
        "s:155:28:194:1": 65,
        "f:156:20:156:25": 20,
        "s:158:4:188:Infinity": 66,
        "s:159:38:162:8": 67,
        "s:164:23:164:39": 68,
        "s:165:20:165:33": 69,
        "s:167:24:170:7": 70,
        "f:168:8:168:9": 21,
        "s:168:26:168:66": 71,
        "b:168:33:168:60:168:64:168:65": 24,
        "s:171:29:171:81": 72,
        "f:171:45:171:46": 22,
        "s:171:52:171:73": 73,
        "s:172:22:172:91": 74,
        "f:172:35:172:36": 23,
        "s:172:42:172:83": 75,
        "b:172:42:172:61:172:65:172:83": 25,
        "s:174:6:179:Infinity": 76,
        "s:182:6:187:Infinity": 77,
        "f:191:16:191:17": 24,
        "s:191:22:191:44": 78,
        "f:193:18:193:19": 25,
        "s:193:24:193:48": 79
      }
    }
  },
  "/Users/morten/Desktop/vsCode/guess-the-worth/frontend/src/store/authStore.js": {
    "path": "/Users/morten/Desktop/vsCode/guess-the-worth/frontend/src/store/authStore.js",
    "statementMap": {
      "0": { "start": { "line": 4, "column": 20 }, "end": { "line": 64, "column": 1 } },
      "1": { "start": { "line": 6, "column": 19 }, "end": { "line": 54, "column": 5 } },
      "2": { "start": { "line": 13, "column": 8 }, "end": { "line": 18, "column": 10 } },
      "3": { "start": { "line": 21, "column": 8 }, "end": { "line": 26, "column": 10 } },
      "4": { "start": { "line": 28, "column": 33 }, "end": { "line": 28, "column": 51 } },
      "5": { "start": { "line": 31, "column": 8 }, "end": { "line": 33, "column": 11 } },
      "6": { "start": { "line": 31, "column": 24 }, "end": { "line": 33, "column": 9 } },
      "7": { "start": { "line": 36, "column": 22 }, "end": { "line": 36, "column": 27 } },
      "8": { "start": { "line": 37, "column": 8 }, "end": { "line": 37, "column": null } },
      "9": { "start": { "line": 41, "column": 22 }, "end": { "line": 41, "column": 27 } },
      "10": { "start": { "line": 42, "column": 8 }, "end": { "line": 42, "column": null } },
      "11": { "start": { "line": 46, "column": 22 }, "end": { "line": 46, "column": 27 } },
      "12": { "start": { "line": 47, "column": 8 }, "end": { "line": 47, "column": null } },
      "13": { "start": { "line": 51, "column": 22 }, "end": { "line": 51, "column": 27 } },
      "14": { "start": { "line": 52, "column": 8 }, "end": { "line": 52, "column": null } },
      "15": { "start": { "line": 57, "column": 30 }, "end": { "line": 61, "column": 7 } }
    },
    "fnMap": {
      "0": {
        "name": "(anonymous_0)",
        "decl": { "start": { "line": 6, "column": 4 }, "end": { "line": 6, "column": 5 } },
        "loc": { "start": { "line": 6, "column": 19 }, "end": { "line": 54, "column": 5 } },
        "line": 6
      },
      "1": {
        "name": "(anonymous_1)",
        "decl": { "start": { "line": 12, "column": 15 }, "end": { "line": 12, "column": 16 } },
        "loc": { "start": { "line": 13, "column": 8 }, "end": { "line": 18, "column": 10 } },
        "line": 13
      },
      "2": {
        "name": "(anonymous_2)",
        "decl": { "start": { "line": 20, "column": 17 }, "end": { "line": 20, "column": 18 } },
        "loc": { "start": { "line": 21, "column": 8 }, "end": { "line": 26, "column": 10 } },
        "line": 21
      },
      "3": {
        "name": "(anonymous_3)",
        "decl": { "start": { "line": 28, "column": 18 }, "end": { "line": 28, "column": 19 } },
        "loc": { "start": { "line": 28, "column": 33 }, "end": { "line": 28, "column": 51 } },
        "line": 28
      },
      "4": {
        "name": "(anonymous_4)",
        "decl": { "start": { "line": 30, "column": 18 }, "end": { "line": 30, "column": 19 } },
        "loc": { "start": { "line": 31, "column": 8 }, "end": { "line": 33, "column": 11 } },
        "line": 31
      },
      "5": {
        "name": "(anonymous_5)",
        "decl": { "start": { "line": 31, "column": 12 }, "end": { "line": 31, "column": 13 } },
        "loc": { "start": { "line": 31, "column": 24 }, "end": { "line": 33, "column": 9 } },
        "line": 31
      },
      "6": {
        "name": "(anonymous_6)",
        "decl": { "start": { "line": 35, "column": 15 }, "end": { "line": 35, "column": 16 } },
        "loc": { "start": { "line": 35, "column": 25 }, "end": { "line": 38, "column": 7 } },
        "line": 35
      },
      "7": {
        "name": "(anonymous_7)",
        "decl": { "start": { "line": 40, "column": 15 }, "end": { "line": 40, "column": 16 } },
        "loc": { "start": { "line": 40, "column": 21 }, "end": { "line": 43, "column": 7 } },
        "line": 40
      },
      "8": {
        "name": "(anonymous_8)",
        "decl": { "start": { "line": 45, "column": 16 }, "end": { "line": 45, "column": 17 } },
        "loc": { "start": { "line": 45, "column": 22 }, "end": { "line": 48, "column": 7 } },
        "line": 45
      },
      "9": {
        "name": "(anonymous_9)",
        "decl": { "start": { "line": 50, "column": 15 }, "end": { "line": 50, "column": 16 } },
        "loc": { "start": { "line": 50, "column": 21 }, "end": { "line": 53, "column": 7 } },
        "line": 50
      },
      "10": {
        "name": "(anonymous_10)",
        "decl": { "start": { "line": 57, "column": 18 }, "end": { "line": 57, "column": 19 } },
        "loc": { "start": { "line": 57, "column": 30 }, "end": { "line": 61, "column": 7 } },
        "line": 57
      }
    },
    "branchMap": {
      "0": {
        "loc": { "start": { "line": 47, "column": 15 }, "end": { "line": 47, "column": 76 } },
        "type": "binary-expr",
        "locations": [
          { "start": { "line": 47, "column": 15 }, "end": { "line": 47, "column": 44 } },
          { "start": { "line": 47, "column": 48 }, "end": { "line": 47, "column": 76 } }
        ],
        "line": 47
      }
    },
    "s": {
      "0": 1,
      "1": 1,
      "2": 18,
      "3": 2,
      "4": 3,
      "5": 3,
      "6": 3,
      "7": 3,
      "8": 3,
      "9": 4,
      "10": 4,
      "11": 5,
      "12": 5,
      "13": 5,
      "14": 5,
      "15": 53
    },
    "f": {
      "0": 1,
      "1": 18,
      "2": 2,
      "3": 3,
      "4": 3,
      "5": 3,
      "6": 3,
      "7": 4,
      "8": 5,
      "9": 5,
      "10": 53
    },
    "b": { "0": [5, 4] },
    "meta": {
      "lastBranch": 1,
      "lastFunction": 11,
      "lastStatement": 16,
      "seen": {
        "s:4:20:64:1": 0,
        "f:6:4:6:5": 0,
        "s:6:19:54:5": 1,
        "f:12:15:12:16": 1,
        "s:13:8:18:10": 2,
        "f:20:17:20:18": 2,
        "s:21:8:26:10": 3,
        "f:28:18:28:19": 3,
        "s:28:33:28:51": 4,
        "f:30:18:30:19": 4,
        "s:31:8:33:11": 5,
        "f:31:12:31:13": 5,
        "s:31:24:33:9": 6,
        "f:35:15:35:16": 6,
        "s:36:22:36:27": 7,
        "s:37:8:37:Infinity": 8,
        "f:40:15:40:16": 7,
        "s:41:22:41:27": 9,
        "s:42:8:42:Infinity": 10,
        "f:45:16:45:17": 8,
        "s:46:22:46:27": 11,
        "s:47:8:47:Infinity": 12,
        "b:47:15:47:44:47:48:47:76": 0,
        "f:50:15:50:16": 9,
        "s:51:22:51:27": 13,
        "s:52:8:52:Infinity": 14,
        "f:57:18:57:19": 10,
        "s:57:30:61:7": 15
      }
    }
  },
  "/Users/morten/Desktop/vsCode/guess-the-worth/frontend/src/store/biddingStore.js": {
    "path": "/Users/morten/Desktop/vsCode/guess-the-worth/frontend/src/store/biddingStore.js",
    "statementMap": {
      "0": { "start": { "line": 3, "column": 23 }, "end": { "line": 69, "column": 3 } },
      "1": { "start": { "line": 3, "column": 41 }, "end": { "line": 69, "column": 1 } },
      "2": { "start": { "line": 8, "column": 37 }, "end": { "line": 8, "column": 72 } },
      "3": { "start": { "line": 11, "column": 4 }, "end": { "line": 15, "column": 6 } },
      "4": { "start": { "line": 12, "column": 32 }, "end": { "line": 12, "column": 61 } },
      "5": { "start": { "line": 13, "column": 6 }, "end": { "line": 13, "column": null } },
      "6": { "start": { "line": 14, "column": 6 }, "end": { "line": 14, "column": null } },
      "7": { "start": { "line": 18, "column": 4 }, "end": { "line": 27, "column": 6 } },
      "8": { "start": { "line": 19, "column": 32 }, "end": { "line": 19, "column": 61 } },
      "9": { "start": { "line": 20, "column": 29 }, "end": { "line": 20, "column": 55 } },
      "10": { "start": { "line": 21, "column": 6 }, "end": { "line": 21, "column": null } },
      "11": { "start": { "line": 22, "column": 6 }, "end": { "line": 22, "column": null } },
      "12": { "start": { "line": 23, "column": 6 }, "end": { "line": 26, "column": null } },
      "13": { "start": { "line": 30, "column": 4 }, "end": { "line": 49, "column": 6 } },
      "14": { "start": { "line": 31, "column": 29 }, "end": { "line": 31, "column": 55 } },
      "15": { "start": { "line": 32, "column": 32 }, "end": { "line": 32, "column": 61 } },
      "16": { "start": { "line": 34, "column": 6 }, "end": { "line": 34, "column": null } },
      "17": { "start": { "line": 37, "column": 6 }, "end": { "line": 43, "column": null } },
      "18": { "start": { "line": 38, "column": 24 }, "end": { "line": 38, "column": 56 } },
      "19": { "start": { "line": 39, "column": 8 }, "end": { "line": 42, "column": null } },
      "20": { "start": { "line": 45, "column": 6 }, "end": { "line": 48, "column": null } },
      "21": { "start": { "line": 52, "column": 4 }, "end": { "line": 62, "column": 6 } },
      "22": { "start": { "line": 53, "column": 32 }, "end": { "line": 53, "column": 61 } },
      "23": { "start": { "line": 54, "column": 6 }, "end": { "line": 60, "column": null } },
      "24": { "start": { "line": 55, "column": 24 }, "end": { "line": 55, "column": 56 } },
      "25": { "start": { "line": 56, "column": 8 }, "end": { "line": 59, "column": null } },
      "26": { "start": { "line": 61, "column": 6 }, "end": { "line": 61, "column": null } },
      "27": { "start": { "line": 65, "column": 4 }, "end": { "line": 68, "column": 6 } }
    },
    "fnMap": {
      "0": {
        "name": "(anonymous_0)",
        "decl": { "start": { "line": 3, "column": 31 }, "end": { "line": 3, "column": 32 } },
        "loc": { "start": { "line": 3, "column": 41 }, "end": { "line": 69, "column": 1 } },
        "line": 3
      },
      "1": {
        "name": "(anonymous_1)",
        "decl": { "start": { "line": 8, "column": 22 }, "end": { "line": 8, "column": 23 } },
        "loc": { "start": { "line": 8, "column": 37 }, "end": { "line": 8, "column": 72 } },
        "line": 8
      },
      "2": {
        "name": "(anonymous_2)",
        "decl": { "start": { "line": 10, "column": 15 }, "end": { "line": 10, "column": 16 } },
        "loc": { "start": { "line": 11, "column": 4 }, "end": { "line": 15, "column": 6 } },
        "line": 11
      },
      "3": {
        "name": "(anonymous_3)",
        "decl": { "start": { "line": 11, "column": 8 }, "end": { "line": 11, "column": 9 } },
        "loc": { "start": { "line": 11, "column": 19 }, "end": { "line": 15, "column": 5 } },
        "line": 11
      },
      "4": {
        "name": "(anonymous_4)",
        "decl": { "start": { "line": 17, "column": 16 }, "end": { "line": 17, "column": 17 } },
        "loc": { "start": { "line": 18, "column": 4 }, "end": { "line": 27, "column": 6 } },
        "line": 18
      },
      "5": {
        "name": "(anonymous_5)",
        "decl": { "start": { "line": 18, "column": 8 }, "end": { "line": 18, "column": 9 } },
        "loc": { "start": { "line": 18, "column": 19 }, "end": { "line": 27, "column": 5 } },
        "line": 18
      },
      "6": {
        "name": "(anonymous_6)",
        "decl": { "start": { "line": 29, "column": 13 }, "end": { "line": 29, "column": 14 } },
        "loc": { "start": { "line": 30, "column": 4 }, "end": { "line": 49, "column": 6 } },
        "line": 30
      },
      "7": {
        "name": "(anonymous_7)",
        "decl": { "start": { "line": 30, "column": 8 }, "end": { "line": 30, "column": 9 } },
        "loc": { "start": { "line": 30, "column": 19 }, "end": { "line": 49, "column": 5 } },
        "line": 30
      },
      "8": {
        "name": "(anonymous_8)",
        "decl": { "start": { "line": 51, "column": 19 }, "end": { "line": 51, "column": 20 } },
        "loc": { "start": { "line": 52, "column": 4 }, "end": { "line": 62, "column": 6 } },
        "line": 52
      },
      "9": {
        "name": "(anonymous_9)",
        "decl": { "start": { "line": 52, "column": 8 }, "end": { "line": 52, "column": 9 } },
        "loc": { "start": { "line": 52, "column": 19 }, "end": { "line": 62, "column": 5 } },
        "line": 52
      },
      "10": {
        "name": "(anonymous_10)",
        "decl": { "start": { "line": 64, "column": 12 }, "end": { "line": 64, "column": 13 } },
        "loc": { "start": { "line": 65, "column": 4 }, "end": { "line": 68, "column": 6 } },
        "line": 65
      }
    },
    "branchMap": {
      "0": {
        "loc": { "start": { "line": 37, "column": 6 }, "end": { "line": 43, "column": null } },
        "type": "if",
        "locations": [
          { "start": { "line": 37, "column": 6 }, "end": { "line": 43, "column": null } },
          { "start": {}, "end": {} }
        ],
        "line": 37
      },
      "1": {
        "loc": { "start": { "line": 54, "column": 6 }, "end": { "line": 60, "column": null } },
        "type": "if",
        "locations": [
          { "start": { "line": 54, "column": 6 }, "end": { "line": 60, "column": null } },
          { "start": {}, "end": {} }
        ],
        "line": 54
      }
    },
    "s": {
      "0": 1,
      "1": 1,
      "2": 4,
      "3": 20,
      "4": 20,
      "5": 20,
      "6": 20,
      "7": 5,
      "8": 5,
      "9": 5,
      "10": 5,
      "11": 5,
      "12": 5,
      "13": 14,
      "14": 14,
      "15": 14,
      "16": 14,
      "17": 14,
      "18": 8,
      "19": 8,
      "20": 14,
      "21": 5,
      "22": 5,
      "23": 5,
      "24": 4,
      "25": 4,
      "26": 5,
      "27": 3
    },
    "f": {
      "0": 1,
      "1": 4,
      "2": 20,
      "3": 20,
      "4": 5,
      "5": 5,
      "6": 14,
      "7": 14,
      "8": 5,
      "9": 5,
      "10": 3
    },
    "b": { "0": [8, 6], "1": [4, 1] },
    "meta": {
      "lastBranch": 2,
      "lastFunction": 11,
      "lastStatement": 28,
      "seen": {
        "s:3:23:69:3": 0,
        "f:3:31:3:32": 0,
        "s:3:41:69:1": 1,
        "f:8:22:8:23": 1,
        "s:8:37:8:72": 2,
        "f:10:15:10:16": 2,
        "s:11:4:15:6": 3,
        "f:11:8:11:9": 3,
        "s:12:32:12:61": 4,
        "s:13:6:13:Infinity": 5,
        "s:14:6:14:Infinity": 6,
        "f:17:16:17:17": 4,
        "s:18:4:27:6": 7,
        "f:18:8:18:9": 5,
        "s:19:32:19:61": 8,
        "s:20:29:20:55": 9,
        "s:21:6:21:Infinity": 10,
        "s:22:6:22:Infinity": 11,
        "s:23:6:26:Infinity": 12,
        "f:29:13:29:14": 6,
        "s:30:4:49:6": 13,
        "f:30:8:30:9": 7,
        "s:31:29:31:55": 14,
        "s:32:32:32:61": 15,
        "s:34:6:34:Infinity": 16,
        "b:37:6:43:Infinity:undefined:undefined:undefined:undefined": 0,
        "s:37:6:43:Infinity": 17,
        "s:38:24:38:56": 18,
        "s:39:8:42:Infinity": 19,
        "s:45:6:48:Infinity": 20,
        "f:51:19:51:20": 8,
        "s:52:4:62:6": 21,
        "f:52:8:52:9": 9,
        "s:53:32:53:61": 22,
        "b:54:6:60:Infinity:undefined:undefined:undefined:undefined": 1,
        "s:54:6:60:Infinity": 23,
        "s:55:24:55:56": 24,
        "s:56:8:59:Infinity": 25,
        "s:61:6:61:Infinity": 26,
        "f:64:12:64:13": 10,
        "s:65:4:68:6": 27
      }
    }
  },
  "/Users/morten/Desktop/vsCode/guess-the-worth/frontend/src/store/favoritesStore.js": {
    "path": "/Users/morten/Desktop/vsCode/guess-the-worth/frontend/src/store/favoritesStore.js",
    "statementMap": {
      "0": { "start": { "line": 3, "column": 25 }, "end": { "line": 33, "column": 3 } },
      "1": { "start": { "line": 3, "column": 48 }, "end": { "line": 33, "column": 1 } },
      "2": { "start": { "line": 7, "column": 29 }, "end": { "line": 7, "column": 44 } },
      "3": { "start": { "line": 8, "column": 4 }, "end": { "line": 12, "column": null } },
      "4": { "start": { "line": 8, "column": 40 }, "end": { "line": 8, "column": 61 } },
      "5": { "start": { "line": 9, "column": 6 }, "end": { "line": 11, "column": null } },
      "6": { "start": { "line": 16, "column": 4 }, "end": { "line": 18, "column": null } },
      "7": { "start": { "line": 17, "column": 49 }, "end": { "line": 17, "column": 69 } },
      "8": { "start": { "line": 22, "column": 4 }, "end": { "line": 22, "column": null } },
      "9": { "start": { "line": 22, "column": 41 }, "end": { "line": 22, "column": 61 } },
      "10": { "start": { "line": 26, "column": 18 }, "end": { "line": 26, "column": 46 } },
      "11": { "start": { "line": 27, "column": 4 }, "end": { "line": 31, "column": null } },
      "12": { "start": { "line": 28, "column": 6 }, "end": { "line": 28, "column": null } },
      "13": { "start": { "line": 30, "column": 6 }, "end": { "line": 30, "column": null } }
    },
    "fnMap": {
      "0": {
        "name": "(anonymous_0)",
        "decl": { "start": { "line": 3, "column": 33 }, "end": { "line": 3, "column": 34 } },
        "loc": { "start": { "line": 3, "column": 48 }, "end": { "line": 33, "column": 1 } },
        "line": 3
      },
      "1": {
        "name": "(anonymous_1)",
        "decl": { "start": { "line": 6, "column": 18 }, "end": { "line": 6, "column": 19 } },
        "loc": { "start": { "line": 6, "column": 31 }, "end": { "line": 13, "column": 3 } },
        "line": 6
      },
      "2": {
        "name": "(anonymous_2)",
        "decl": { "start": { "line": 8, "column": 31 }, "end": { "line": 8, "column": 32 } },
        "loc": { "start": { "line": 8, "column": 40 }, "end": { "line": 8, "column": 61 } },
        "line": 8
      },
      "3": {
        "name": "(anonymous_3)",
        "decl": { "start": { "line": 15, "column": 23 }, "end": { "line": 15, "column": 24 } },
        "loc": { "start": { "line": 15, "column": 38 }, "end": { "line": 19, "column": 3 } },
        "line": 15
      },
      "4": {
        "name": "(anonymous_4)",
        "decl": { "start": { "line": 17, "column": 40 }, "end": { "line": 17, "column": 41 } },
        "loc": { "start": { "line": 17, "column": 49 }, "end": { "line": 17, "column": 69 } },
        "line": 17
      },
      "5": {
        "name": "(anonymous_5)",
        "decl": { "start": { "line": 21, "column": 14 }, "end": { "line": 21, "column": 15 } },
        "loc": { "start": { "line": 21, "column": 29 }, "end": { "line": 23, "column": 3 } },
        "line": 21
      },
      "6": {
        "name": "(anonymous_6)",
        "decl": { "start": { "line": 22, "column": 32 }, "end": { "line": 22, "column": 33 } },
        "loc": { "start": { "line": 22, "column": 41 }, "end": { "line": 22, "column": 61 } },
        "line": 22
      },
      "7": {
        "name": "(anonymous_7)",
        "decl": { "start": { "line": 25, "column": 18 }, "end": { "line": 25, "column": 19 } },
        "loc": { "start": { "line": 25, "column": 31 }, "end": { "line": 32, "column": 3 } },
        "line": 25
      }
    },
    "branchMap": {
      "0": {
        "loc": { "start": { "line": 8, "column": 4 }, "end": { "line": 12, "column": null } },
        "type": "if",
        "locations": [
          { "start": { "line": 8, "column": 4 }, "end": { "line": 12, "column": null } },
          { "start": {}, "end": {} }
        ],
        "line": 8
      },
      "1": {
        "loc": { "start": { "line": 27, "column": 4 }, "end": { "line": 31, "column": null } },
        "type": "if",
        "locations": [
          { "start": { "line": 27, "column": 4 }, "end": { "line": 31, "column": null } },
          { "start": { "line": 29, "column": 11 }, "end": { "line": 31, "column": null } }
        ],
        "line": 27
      }
    },
    "s": {
      "0": 1,
      "1": 1,
      "2": 34,
      "3": 34,
      "4": 14,
      "5": 33,
      "6": 12,
      "7": 14,
      "8": 32,
      "9": 25,
      "10": 16,
      "11": 16,
      "12": 8,
      "13": 8
    },
    "f": { "0": 1, "1": 34, "2": 14, "3": 12, "4": 14, "5": 32, "6": 25, "7": 16 },
    "b": { "0": [33, 1], "1": [8, 8] },
    "meta": {
      "lastBranch": 2,
      "lastFunction": 8,
      "lastStatement": 14,
      "seen": {
        "s:3:25:33:3": 0,
        "f:3:33:3:34": 0,
        "s:3:48:33:1": 1,
        "f:6:18:6:19": 1,
        "s:7:29:7:44": 2,
        "b:8:4:12:Infinity:undefined:undefined:undefined:undefined": 0,
        "s:8:4:12:Infinity": 3,
        "f:8:31:8:32": 2,
        "s:8:40:8:61": 4,
        "s:9:6:11:Infinity": 5,
        "f:15:23:15:24": 3,
        "s:16:4:18:Infinity": 6,
        "f:17:40:17:41": 4,
        "s:17:49:17:69": 7,
        "f:21:14:21:15": 5,
        "s:22:4:22:Infinity": 8,
        "f:22:32:22:33": 6,
        "s:22:41:22:61": 9,
        "f:25:18:25:19": 7,
        "s:26:18:26:46": 10,
        "b:27:4:31:Infinity:29:11:31:Infinity": 1,
        "s:27:4:31:Infinity": 11,
        "s:28:6:28:Infinity": 12,
        "s:30:6:30:Infinity": 13
      }
    }
  },
  "/Users/morten/Desktop/vsCode/guess-the-worth/frontend/src/utils/format.js": {
    "path": "/Users/morten/Desktop/vsCode/guess-the-worth/frontend/src/utils/format.js",
    "statementMap": {
      "0": { "start": { "line": 7, "column": 2 }, "end": { "line": 7, "column": null } },
      "1": { "start": { "line": 7, "column": 47 }, "end": { "line": 7, "column": null } },
      "2": { "start": { "line": 8, "column": 2 }, "end": { "line": 11, "column": null } },
      "3": { "start": { "line": 20, "column": 2 }, "end": { "line": 20, "column": null } },
      "4": { "start": { "line": 20, "column": 19 }, "end": { "line": 20, "column": null } },
      "5": { "start": { "line": 21, "column": 15 }, "end": { "line": 21, "column": 35 } },
      "6": { "start": { "line": 22, "column": 2 }, "end": { "line": 26, "column": null } },
      "7": { "start": { "line": 35, "column": 2 }, "end": { "line": 35, "column": null } },
      "8": { "start": { "line": 35, "column": 19 }, "end": { "line": 35, "column": null } },
      "9": { "start": { "line": 36, "column": 15 }, "end": { "line": 36, "column": 35 } },
      "10": { "start": { "line": 37, "column": 14 }, "end": { "line": 37, "column": 24 } },
      "11": { "start": { "line": 38, "column": 18 }, "end": { "line": 38, "column": 49 } },
      "12": { "start": { "line": 40, "column": 2 }, "end": { "line": 40, "column": null } },
      "13": { "start": { "line": 40, "column": 20 }, "end": { "line": 40, "column": null } },
      "14": { "start": { "line": 42, "column": 18 }, "end": { "line": 42, "column": 42 } },
      "15": { "start": { "line": 43, "column": 2 }, "end": { "line": 43, "column": null } },
      "16": { "start": { "line": 43, "column": 20 }, "end": { "line": 43, "column": null } },
      "17": { "start": { "line": 45, "column": 16 }, "end": { "line": 45, "column": 40 } },
      "18": { "start": { "line": 46, "column": 2 }, "end": { "line": 46, "column": null } },
      "19": { "start": { "line": 46, "column": 18 }, "end": { "line": 46, "column": null } },
      "20": { "start": { "line": 48, "column": 15 }, "end": { "line": 48, "column": 37 } },
      "21": { "start": { "line": 49, "column": 2 }, "end": { "line": 49, "column": null } },
      "22": { "start": { "line": 59, "column": 2 }, "end": { "line": 59, "column": null } },
      "23": { "start": { "line": 59, "column": 12 }, "end": { "line": 59, "column": null } },
      "24": { "start": { "line": 60, "column": 2 }, "end": { "line": 60, "column": null } },
      "25": { "start": { "line": 60, "column": 31 }, "end": { "line": 60, "column": null } },
      "26": { "start": { "line": 61, "column": 2 }, "end": { "line": 61, "column": null } },
      "27": { "start": { "line": 70, "column": 2 }, "end": { "line": 70, "column": null } },
      "28": { "start": { "line": 70, "column": 12 }, "end": { "line": 70, "column": null } },
      "29": { "start": { "line": 71, "column": 2 }, "end": { "line": 71, "column": null } }
    },
    "fnMap": {
      "0": {
        "name": "formatCurrency",
        "decl": { "start": { "line": 6, "column": 16 }, "end": { "line": 6, "column": 30 } },
        "loc": { "start": { "line": 6, "column": 39 }, "end": { "line": 12, "column": null } },
        "line": 6
      },
      "1": {
        "name": "formatDate",
        "decl": { "start": { "line": 19, "column": 16 }, "end": { "line": 19, "column": 26 } },
        "loc": { "start": { "line": 19, "column": 39 }, "end": { "line": 27, "column": null } },
        "line": 19
      },
      "2": {
        "name": "formatTimeAgo",
        "decl": { "start": { "line": 34, "column": 16 }, "end": { "line": 34, "column": 29 } },
        "loc": { "start": { "line": 34, "column": 42 }, "end": { "line": 50, "column": null } },
        "line": 34
      },
      "3": {
        "name": "truncate",
        "decl": { "start": { "line": 58, "column": 16 }, "end": { "line": 58, "column": 24 } },
        "loc": { "start": { "line": 58, "column": 47 }, "end": { "line": 62, "column": null } },
        "line": 58
      },
      "4": {
        "name": "capitalize",
        "decl": { "start": { "line": 69, "column": 16 }, "end": { "line": 69, "column": 26 } },
        "loc": { "start": { "line": 69, "column": 32 }, "end": { "line": 72, "column": null } },
        "line": 69
      }
    },
    "branchMap": {
      "0": {
        "loc": { "start": { "line": 7, "column": 2 }, "end": { "line": 7, "column": null } },
        "type": "if",
        "locations": [
          { "start": { "line": 7, "column": 2 }, "end": { "line": 7, "column": null } },
          { "start": {}, "end": {} }
        ],
        "line": 7
      },
      "1": {
        "loc": { "start": { "line": 7, "column": 6 }, "end": { "line": 7, "column": 45 } },
        "type": "binary-expr",
        "locations": [
          { "start": { "line": 7, "column": 6 }, "end": { "line": 7, "column": 21 } },
          { "start": { "line": 7, "column": 25 }, "end": { "line": 7, "column": 45 } }
        ],
        "line": 7
      },
      "2": {
        "loc": { "start": { "line": 20, "column": 2 }, "end": { "line": 20, "column": null } },
        "type": "if",
        "locations": [
          { "start": { "line": 20, "column": 2 }, "end": { "line": 20, "column": null } },
          { "start": {}, "end": {} }
        ],
        "line": 20
      },
      "3": {
        "loc": { "start": { "line": 35, "column": 2 }, "end": { "line": 35, "column": null } },
        "type": "if",
        "locations": [
          { "start": { "line": 35, "column": 2 }, "end": { "line": 35, "column": null } },
          { "start": {}, "end": {} }
        ],
        "line": 35
      },
      "4": {
        "loc": { "start": { "line": 40, "column": 2 }, "end": { "line": 40, "column": null } },
        "type": "if",
        "locations": [
          { "start": { "line": 40, "column": 2 }, "end": { "line": 40, "column": null } },
          { "start": {}, "end": {} }
        ],
        "line": 40
      },
      "5": {
        "loc": { "start": { "line": 43, "column": 2 }, "end": { "line": 43, "column": null } },
        "type": "if",
        "locations": [
          { "start": { "line": 43, "column": 2 }, "end": { "line": 43, "column": null } },
          { "start": {}, "end": {} }
        ],
        "line": 43
      },
      "6": {
        "loc": { "start": { "line": 43, "column": 47 }, "end": { "line": 43, "column": 69 } },
        "type": "cond-expr",
        "locations": [
          { "start": { "line": 43, "column": 61 }, "end": { "line": 43, "column": 64 } },
          { "start": { "line": 43, "column": 67 }, "end": { "line": 43, "column": 69 } }
        ],
        "line": 43
      },
      "7": {
        "loc": { "start": { "line": 46, "column": 2 }, "end": { "line": 46, "column": null } },
        "type": "if",
        "locations": [
          { "start": { "line": 46, "column": 2 }, "end": { "line": 46, "column": null } },
          { "start": {}, "end": {} }
        ],
        "line": 46
      },
      "8": {
        "loc": { "start": { "line": 46, "column": 41 }, "end": { "line": 46, "column": 61 } },
        "type": "cond-expr",
        "locations": [
          { "start": { "line": 46, "column": 53 }, "end": { "line": 46, "column": 56 } },
          { "start": { "line": 46, "column": 59 }, "end": { "line": 46, "column": 61 } }
        ],
        "line": 46
      },
      "9": {
        "loc": { "start": { "line": 49, "column": 23 }, "end": { "line": 49, "column": 42 } },
        "type": "cond-expr",
        "locations": [
          { "start": { "line": 49, "column": 34 }, "end": { "line": 49, "column": 37 } },
          { "start": { "line": 49, "column": 40 }, "end": { "line": 49, "column": 42 } }
        ],
        "line": 49
      },
      "10": {
        "loc": { "start": { "line": 58, "column": 30 }, "end": { "line": 58, "column": 45 } },
        "type": "default-arg",
        "locations": [
          { "start": { "line": 58, "column": 42 }, "end": { "line": 58, "column": 45 } }
        ],
        "line": 58
      },
      "11": {
        "loc": { "start": { "line": 59, "column": 2 }, "end": { "line": 59, "column": null } },
        "type": "if",
        "locations": [
          { "start": { "line": 59, "column": 2 }, "end": { "line": 59, "column": null } },
          { "start": {}, "end": {} }
        ],
        "line": 59
      },
      "12": {
        "loc": { "start": { "line": 60, "column": 2 }, "end": { "line": 60, "column": null } },
        "type": "if",
        "locations": [
          { "start": { "line": 60, "column": 2 }, "end": { "line": 60, "column": null } },
          { "start": {}, "end": {} }
        ],
        "line": 60
      },
      "13": {
        "loc": { "start": { "line": 70, "column": 2 }, "end": { "line": 70, "column": null } },
        "type": "if",
        "locations": [
          { "start": { "line": 70, "column": 2 }, "end": { "line": 70, "column": null } },
          { "start": {}, "end": {} }
        ],
        "line": 70
      }
    },
    "s": {
      "0": 8,
      "1": 2,
      "2": 6,
      "3": 4,
      "4": 3,
      "5": 1,
      "6": 1,
      "7": 8,
      "8": 3,
      "9": 5,
      "10": 5,
      "11": 5,
      "12": 5,
      "13": 1,
      "14": 4,
      "15": 4,
      "16": 4,
      "17": 2,
      "18": 2,
      "19": 2,
      "20": 1,
      "21": 1,
      "22": 6,
      "23": 3,
      "24": 3,
      "25": 1,
      "26": 2,
      "27": 7,
      "28": 3,
      "29": 4
    },
    "f": { "0": 8, "1": 4, "2": 8, "3": 6, "4": 7 },
    "b": {
      "0": [2, 6],
      "1": [8, 7],
      "2": [3, 1],
      "3": [3, 5],
      "4": [1, 4],
      "5": [2, 2],
      "6": [1, 1],
      "7": [1, 1],
      "8": [1, 0],
      "9": [1, 0],
      "10": [6],
      "11": [3, 3],
      "12": [1, 2],
      "13": [3, 4]
    },
    "meta": {
      "lastBranch": 14,
      "lastFunction": 5,
      "lastStatement": 30,
      "seen": {
        "f:6:16:6:30": 0,
        "b:7:2:7:Infinity:undefined:undefined:undefined:undefined": 0,
        "s:7:2:7:Infinity": 0,
        "b:7:6:7:21:7:25:7:45": 1,
        "s:7:47:7:Infinity": 1,
        "s:8:2:11:Infinity": 2,
        "f:19:16:19:26": 1,
        "b:20:2:20:Infinity:undefined:undefined:undefined:undefined": 2,
        "s:20:2:20:Infinity": 3,
        "s:20:19:20:Infinity": 4,
        "s:21:15:21:35": 5,
        "s:22:2:26:Infinity": 6,
        "f:34:16:34:29": 2,
        "b:35:2:35:Infinity:undefined:undefined:undefined:undefined": 3,
        "s:35:2:35:Infinity": 7,
        "s:35:19:35:Infinity": 8,
        "s:36:15:36:35": 9,
        "s:37:14:37:24": 10,
        "s:38:18:38:49": 11,
        "b:40:2:40:Infinity:undefined:undefined:undefined:undefined": 4,
        "s:40:2:40:Infinity": 12,
        "s:40:20:40:Infinity": 13,
        "s:42:18:42:42": 14,
        "b:43:2:43:Infinity:undefined:undefined:undefined:undefined": 5,
        "s:43:2:43:Infinity": 15,
        "s:43:20:43:Infinity": 16,
        "b:43:61:43:64:43:67:43:69": 6,
        "s:45:16:45:40": 17,
        "b:46:2:46:Infinity:undefined:undefined:undefined:undefined": 7,
        "s:46:2:46:Infinity": 18,
        "s:46:18:46:Infinity": 19,
        "b:46:53:46:56:46:59:46:61": 8,
        "s:48:15:48:37": 20,
        "s:49:2:49:Infinity": 21,
        "b:49:34:49:37:49:40:49:42": 9,
        "f:58:16:58:24": 3,
        "b:58:42:58:45": 10,
        "b:59:2:59:Infinity:undefined:undefined:undefined:undefined": 11,
        "s:59:2:59:Infinity": 22,
        "s:59:12:59:Infinity": 23,
        "b:60:2:60:Infinity:undefined:undefined:undefined:undefined": 12,
        "s:60:2:60:Infinity": 24,
        "s:60:31:60:Infinity": 25,
        "s:61:2:61:Infinity": 26,
        "f:69:16:69:26": 4,
        "b:70:2:70:Infinity:undefined:undefined:undefined:undefined": 13,
        "s:70:2:70:Infinity": 27,
        "s:70:12:70:Infinity": 28,
        "s:71:2:71:Infinity": 29
      }
    }
  }
}
