TN:
SF:src\config\env.js
FNF:0
FNH:0
DA:1,1
DA:2,1
DA:3,1
DA:4,1
DA:5,1
DA:6,1
DA:7,1
DA:8,1
DA:9,1
DA:10,1
DA:11,1
DA:12,1
DA:13,1
DA:14,1
DA:15,1
DA:16,1
DA:17,1
DA:18,1
DA:19,1
DA:20,1
DA:21,1
DA:22,1
LF:22
LH:22
BRF:0
BRH:0
end_of_record
TN:
SF:src\services\api.js
FN:4,createApiClient
FN:7,request
FN:50,get
FN:55,post
FN:66,put
FN:72,delete
FN:84,getAll
FN:85,getById
FN:86,getFeatured
FN:87,create
FN:88,uploadImage
FN:98,getByArtwork
FN:99,create
FN:103,getAll
FN:104,getById
FN:105,getCurrentUser
FN:106,register
FN:110,getPlatformStats
FNF:18
FNH:16
FNDA:1,createApiClient
FNDA:21,request
FNDA:17,get
FNDA:4,post
FNDA:0,put
FNDA:0,delete
FNDA:7,getAll
FNDA:1,getById
FNDA:1,getFeatured
FNDA:1,create
FNDA:1,uploadImage
FNDA:1,getByArtwork
FNDA:1,create
FNDA:1,getAll
FNDA:1,getById
FNDA:1,getCurrentUser
FNDA:1,register
FNDA:2,getPlatformStats
DA:1,1
DA:2,1
DA:3,1
DA:4,1
DA:5,1
DA:6,1
DA:7,1
DA:8,21
DA:9,21
DA:10,21
DA:11,21
DA:12,21
DA:13,21
DA:14,21
DA:15,21
DA:16,21
DA:17,21
DA:18,21
DA:19,21
DA:20,21
DA:21,21
DA:22,21
DA:23,21
DA:24,21
DA:25,21
DA:26,18
DA:27,21
DA:28,1
DA:29,1
DA:30,1
DA:31,1
DA:32,16
DA:33,21
DA:34,1
DA:35,1
DA:36,15
DA:37,15
DA:38,15
DA:39,21
DA:40,6
DA:41,6
DA:42,1
DA:43,1
DA:44,5
DA:45,5
DA:46,5
DA:47,1
DA:48,1
DA:49,1
DA:50,1
DA:51,17
DA:52,17
DA:53,17
DA:54,1
DA:55,1
DA:56,4
DA:57,4
DA:58,4
DA:59,4
DA:60,4
DA:61,4
DA:62,4
DA:63,4
DA:64,4
DA:65,1
DA:66,1
DA:67,0
DA:68,0
DA:69,0
DA:70,0
DA:71,1
DA:72,1
DA:73,0
DA:74,0
DA:75,0
DA:76,1
DA:77,1
DA:78,1
DA:79,1
DA:80,1
DA:81,1
DA:82,1
DA:83,1
DA:84,1
DA:85,1
DA:86,1
DA:87,1
DA:88,1
DA:89,1
DA:90,1
DA:91,1
DA:92,1
DA:93,1
DA:94,1
DA:95,1
DA:96,1
DA:97,1
DA:98,1
DA:99,1
DA:100,1
DA:101,1
DA:102,1
DA:103,1
DA:104,1
DA:105,1
DA:106,1
DA:107,1
DA:108,1
DA:109,1
DA:110,1
DA:111,2
DA:112,2
DA:113,2
DA:114,2
DA:115,2
DA:116,2
DA:117,1
DA:118,1
DA:119,1
DA:120,1
DA:121,1
DA:122,1
DA:123,1
DA:124,1
DA:125,1
DA:126,1
DA:127,1
DA:128,1
DA:129,1
DA:130,1
DA:131,1
DA:132,1
DA:133,1
DA:134,1
DA:135,1
DA:136,1
DA:137,1
DA:138,1
DA:139,1
DA:140,1
DA:141,1
DA:142,1
DA:143,1
DA:144,1
DA:145,1
DA:146,1
LF:146
LH:139
BRDA:4,0,0,1
BRDA:7,1,0,21
BRDA:12,2,0,1
BRDA:26,3,0,18
BRDA:27,4,0,1
BRDA:31,5,0,16
BRDA:33,6,0,1
BRDA:35,7,0,15
BRDA:39,8,0,6
BRDA:41,9,0,2
BRDA:41,10,0,1
BRDA:43,11,0,5
BRDA:50,12,0,17
BRDA:52,13,0,14
BRDA:52,14,0,3
BRDA:55,15,0,4
BRDA:59,16,0,1
BRDA:59,17,0,3
BRDA:62,18,0,1
BRDA:63,19,0,3
BRDA:84,20,0,7
BRDA:85,21,0,1
BRDA:86,22,0,1
BRDA:87,23,0,1
BRDA:88,24,0,1
BRDA:98,25,0,1
BRDA:99,26,0,1
BRDA:103,27,0,1
BRDA:104,28,0,1
BRDA:105,29,0,1
BRDA:106,30,0,1
BRDA:110,31,0,2
BRDA:117,32,0,1
BRDA:122,33,0,3
BRDA:122,34,0,0
BRDA:125,35,0,3
BRDA:126,36,0,3
BRDA:126,37,0,2
BRF:38
BRH:37
end_of_record
